#
# A fatal error has been detected by the Java Runtime Environment:
#
#  EXCEPTION_ACCESS_VIOLATION (0xc0000005) at pc=0x000001e1a0456a6f, pid=17780, tid=20272
#
# JRE version: Java(TM) SE Runtime Environment (9.0+11) (build 9.0.4+11)
# Java VM: Java HotSpot(TM) 64-Bit Server VM (9.0.4+11, mixed mode, tiered, compressed oops, g1 gc, windows-amd64)
# Problematic frame:
# j  alphabeta.thread.LoadThread.readPlan(Lalphabeta/DICOM/DICOM;)Lalphabeta/DICOM/DICOMPlan;+293
#
# No core dump will be written. Minidumps are not enabled by default on client versions of Windows
#
# If you would like to submit a bug report, please visit:
#   http://bugreport.java.com/bugreport/crash.jsp
#

---------------  S U M M A R Y ------------

Command Line: -agentlib:jdwp=transport=dt_shmem,address=javadebug -Dglass.disableGrab=true -Dfile.encoding=UTF-8 -Djava.library.path=./lib/JEP/lib/jep T:\ALLGEMEI\Haesler\NetBeansProjects\alphabeta_master\dist\run929659753\AlphaBeta.jar

Host: Intel(R) Xeon(R) Silver 4110 CPU @ 2.10GHz, 32 cores, 31G,  Windows 10 , 64 bit Build 14393 (10.0.14393.2969)
Time: Thu Oct 24 10:39:55 2019 Mitteleuropäische Sommerzeit elapsed time: 142 seconds (0d 0h 2m 22s)

---------------  T H R E A D  ---------------

Current thread (0x000001e1cfcc5000):  JavaThread "Thread-4" daemon [_thread_in_Java, id=20272, stack(0x000000e135540000,0x000000e135640000)]

Stack: [0x000000e135540000,0x000000e135640000],  sp=0x000000e13563edd0,  free space=1019k
Native frames: (J=compiled Java code, j=interpreted, Vv=VM code, C=native code)
C  0x000001e1a0456a6f


siginfo: EXCEPTION_ACCESS_VIOLATION (0xc0000005), reading address 0x000001e1d9bacd68


Register to memory mapping:

RIP=0x000001e1a0456a6f is at code_begin+79 in an Interpreter codelet
invokevirtual  182 invokevirtual  [0x000001e1a0456a20, 0x000001e1a0456fe0]  1472 bytes
RAX=0x000000000000001c is an unknown value
RBX=0x00000000000000b6 is an unknown value
RCX=0x000001e1d9a18938 is pointing into metadata
RDX=0x0000000000032884 is an unknown value
RSP=0x000000e13563edd0 is pointing into the stack for thread: 0x000001e1cfcc5000
RBP=0x000000e13563ee30 is pointing into the stack for thread: 0x000001e1cfcc5000
RSI=0x0000000000001990 is an unknown value
RDI=0x0000000000000002 is an unknown value
R8 =0x0000000000000004 is an unknown value
R9 =0x000001e1cab5b230 is an unknown value
R10=0x000000005e60b4b0 jvm.dll
R11=0x0000000000000009 is an unknown value
R12=0x0000000000000000 is an unknown value
R13=0x000001e1d9a1722d is pointing into metadata
R14=0x000000e13563ee90 is pointing into the stack for thread: 0x000001e1cfcc5000
R15=0x000001e1cfcc5000 is a thread


Registers:
RAX=0x000000000000001c, RBX=0x00000000000000b6, RCX=0x000001e1d9a18938, RDX=0x0000000000032884
RSP=0x000000e13563edd0, RBP=0x000000e13563ee30, RSI=0x0000000000001990, RDI=0x0000000000000002
R8 =0x0000000000000004, R9 =0x000001e1cab5b230, R10=0x000000005e60b4b0, R11=0x0000000000000009
R12=0x0000000000000000, R13=0x000001e1d9a1722d, R14=0x000000e13563ee90, R15=0x000001e1cfcc5000
RIP=0x000001e1a0456a6f, EFLAGS=0x0000000000010206

Top of Stack: (sp=0x000000e13563edd0)
0x000000e13563edd0:   403c000000000000 00000005ead5b490
0x000000e13563ede0:   00000005ead76d38 000000e13563ede8
0x000000e13563edf0:   000001e1d9a1722d 000000e13563ee90
0x000000e13563ee00:   000001e1d9a18938 0000000000000000
0x000000e13563ee10:   00000005c5a5c940 000001e1d9a173b0
0x000000e13563ee20:   0000000000000000 000000e13563ee88
0x000000e13563ee30:   000000e13563eee0 000001e1a042b440
0x000000e13563ee40:   0000000000000000 0000000000000000
0x000000e13563ee50:   0000000000000000 0000000000000000
0x000000e13563ee60:   0000000000000001 00000005ead74990
0x000000e13563ee70:   00000005ead76d38 00000000300a0111
0x000000e13563ee80:   00000000300a00b0 00000005ead51240
0x000000e13563ee90:   00000005ca9c6268 000000e13563ee98
0x000000e13563eea0:   000001e1d08859e6 000000e13563ef48
0x000000e13563eeb0:   000001e1d5406a40 0000000000000000
0x000000e13563eec0:   00000005c5a5c940 000001e1d0885b38 

Instructions: (pc=0x000001e1a0456a6f)
0x000001e1a0456a4f:   00 00 00 00 00 4c 89 54 24 08 e9 01 00 00 00 50
0x000001e1a0456a5f:   4c 89 6d c0 41 0f b7 55 01 48 8b 4d d0 c1 e2 02
0x000001e1a0456a6f:   8b 5c d1 10 c1 eb 18 81 e3 ff 00 00 00 81 fb b6
0x000001e1a0456a7f:   00 00 00 0f 84 81 01 00 00 bb b6 00 00 00 e8 05 


invokevirtual  182 invokevirtual  [0x000001e1a0456a20, 0x000001e1a0456fe0]  1472 bytes

---------------  P R O C E S S  ---------------

Java Threads: ( => current thread )
=>0x000001e1cfcc5000 JavaThread "Thread-4" daemon [_thread_in_Java, id=20272, stack(0x000000e135540000,0x000000e135640000)]
  0x000001e1d2e95800 JavaThread "FX Access Thread (Visual Debugger)" daemon [_thread_blocked, id=5156, stack(0x000000e133700000,0x000000e133800000)]
  0x000001e1d0177000 JavaThread "Prism Font Disposer" daemon [_thread_blocked, id=18952, stack(0x000000e133600000,0x000000e133700000)]
  0x000001e1cf842800 JavaThread "Java2D Disposer" daemon [_thread_blocked, id=12800, stack(0x000000e133200000,0x000000e133300000)]
  0x000001e1caf68000 JavaThread "JavaFX-Launcher" [_thread_blocked, id=19800, stack(0x000000e133100000,0x000000e133200000)]
  0x000001e1c9c7a800 JavaThread "Thread-1" daemon [_thread_blocked, id=4796, stack(0x000000e133000000,0x000000e133100000)]
  0x000001e1ca33e000 JavaThread "JavaFX Application Thread" [_thread_in_native, id=6768, stack(0x000000e132f00000,0x000000e133000000)]
  0x000001e1ca33d000 JavaThread "InvokeLaterDispatcher" daemon [_thread_blocked, id=18252, stack(0x000000e132e00000,0x000000e132f00000)]
  0x000001e1c9b32000 JavaThread "QuantumRenderer-0" daemon [_thread_blocked, id=10712, stack(0x000000e132c00000,0x000000e132d00000)]
  0x000001e1c965c000 JavaThread "Service Thread" daemon [_thread_blocked, id=9144, stack(0x000000e132a00000,0x000000e132b00000)]
  0x000001e1c9630000 JavaThread "JDWP Command Reader" daemon [_thread_blocked, id=6380, stack(0x000000e132900000,0x000000e132a00000)]
  0x000001e1c9614800 JavaThread "JDWP Event Helper Thread" daemon [_thread_blocked, id=6440, stack(0x000000e132800000,0x000000e132900000)]
  0x000001e1c9626000 JavaThread "JDWP Transport Listener: dt_shmem" daemon [_thread_blocked, id=9072, stack(0x000000e132700000,0x000000e132800000)]
  0x000001e1c9534800 JavaThread "Common-Cleaner" daemon [_thread_blocked, id=16288, stack(0x000000e132600000,0x000000e132700000)]
  0x000001e1c9498000 JavaThread "Sweeper thread" daemon [_thread_blocked, id=20292, stack(0x000000e132500000,0x000000e132600000)]
  0x000001e1c9411800 JavaThread "C1 CompilerThread14" daemon [_thread_blocked, id=4608, stack(0x000000e132400000,0x000000e132500000)]
  0x000001e1c9414800 JavaThread "C1 CompilerThread13" daemon [_thread_blocked, id=9988, stack(0x000000e132300000,0x000000e132400000)]
  0x000001e1c9417000 JavaThread "C1 CompilerThread12" daemon [_thread_blocked, id=21256, stack(0x000000e132200000,0x000000e132300000)]
  0x000001e1c9416000 JavaThread "C1 CompilerThread11" daemon [_thread_blocked, id=21188, stack(0x000000e132100000,0x000000e132200000)]
  0x000001e1c9413000 JavaThread "C1 CompilerThread10" daemon [_thread_blocked, id=16924, stack(0x000000e132000000,0x000000e132100000)]
  0x000001e1c9414000 JavaThread "C2 CompilerThread9" daemon [_thread_blocked, id=20336, stack(0x000000e131f00000,0x000000e132000000)]
  0x000001e1c9415800 JavaThread "C2 CompilerThread8" daemon [_thread_blocked, id=13888, stack(0x000000e131e00000,0x000000e131f00000)]
  0x000001e1c9410000 JavaThread "C2 CompilerThread7" daemon [_thread_blocked, id=4296, stack(0x000000e131d00000,0x000000e131e00000)]
  0x000001e1c93fc000 JavaThread "C2 CompilerThread6" daemon [_thread_blocked, id=17500, stack(0x000000e131c00000,0x000000e131d00000)]
  0x000001e1c8afc800 JavaThread "C2 CompilerThread5" daemon [_thread_blocked, id=13016, stack(0x000000e131b00000,0x000000e131c00000)]
  0x000001e1c8afa000 JavaThread "C2 CompilerThread4" daemon [_thread_blocked, id=20320, stack(0x000000e131a00000,0x000000e131b00000)]
  0x000001e1c93f3000 JavaThread "C2 CompilerThread3" daemon [_thread_blocked, id=15128, stack(0x000000e131900000,0x000000e131a00000)]
  0x000001e1c93e8800 JavaThread "C2 CompilerThread2" daemon [_thread_blocked, id=18476, stack(0x000000e131800000,0x000000e131900000)]
  0x000001e1c93e7800 JavaThread "C2 CompilerThread1" daemon [_thread_blocked, id=13952, stack(0x000000e131700000,0x000000e131800000)]
  0x000001e1c93e7000 JavaThread "C2 CompilerThread0" daemon [_thread_blocked, id=14576, stack(0x000000e131600000,0x000000e131700000)]
  0x000001e1c93e6000 JavaThread "Attach Listener" daemon [_thread_blocked, id=18756, stack(0x000000e131500000,0x000000e131600000)]
  0x000001e1c93e5800 JavaThread "Signal Dispatcher" daemon [_thread_blocked, id=16200, stack(0x000000e131400000,0x000000e131500000)]
  0x000001e1c8aeb000 JavaThread "Finalizer" daemon [_thread_blocked, id=10656, stack(0x000000e131300000,0x000000e131400000)]
  0x000001e1c8ae9800 JavaThread "Reference Handler" daemon [_thread_blocked, id=11864, stack(0x000000e131200000,0x000000e131300000)]
  0x000001e1942ba000 JavaThread "main" [_thread_blocked, id=17548, stack(0x000000e12da00000,0x000000e12db00000)]

Other Threads:
  0x000001e1c8ae7800 VMThread "VM Thread" [stack: 0x000000e131100000,0x000000e131200000] [id=9832]
  0x000001e1c9660000 WatcherThread [stack: 0x000000e132b00000,0x000000e132c00000] [id=18580]
  0x000001e1942d3800 GCTaskThread "GC Thread#0" [stack: 0x000000e12db00000,0x000000e12dc00000] [id=11960]
  0x000001e1942d5000 GCTaskThread "GC Thread#1" [stack: 0x000000e12dc00000,0x000000e12dd00000] [id=18624]
  0x000001e1942d7800 GCTaskThread "GC Thread#2" [stack: 0x000000e12dd00000,0x000000e12de00000] [id=4932]
  0x000001e1942da800 GCTaskThread "GC Thread#3" [stack: 0x000000e12de00000,0x000000e12df00000] [id=21312]
  0x000001e1942e4000 GCTaskThread "GC Thread#4" [stack: 0x000000e12df00000,0x000000e12e000000] [id=10808]
  0x000001e1942eb800 GCTaskThread "GC Thread#5" [stack: 0x000000e12e000000,0x000000e12e100000] [id=14844]
  0x000001e1942ee800 GCTaskThread "GC Thread#6" [stack: 0x000000e12e100000,0x000000e12e200000] [id=14824]
  0x000001e1942ed800 GCTaskThread "GC Thread#7" [stack: 0x000000e12e200000,0x000000e12e300000] [id=19956]
  0x000001e1942f1000 GCTaskThread "GC Thread#8" [stack: 0x000000e12e300000,0x000000e12e400000] [id=4672]
  0x000001e1942f1800 GCTaskThread "GC Thread#9" [stack: 0x000000e12e400000,0x000000e12e500000] [id=11860]
  0x000001e1942f2800 GCTaskThread "GC Thread#10" [stack: 0x000000e12e500000,0x000000e12e600000] [id=17496]
  0x000001e1942ec000 GCTaskThread "GC Thread#11" [stack: 0x000000e12e600000,0x000000e12e700000] [id=20936]
  0x000001e1942f0800 GCTaskThread "GC Thread#12" [stack: 0x000000e12e700000,0x000000e12e800000] [id=16464]
  0x000001e1942ec800 GCTaskThread "GC Thread#13" [stack: 0x000000e12e800000,0x000000e12e900000] [id=14412]
  0x000001e1942ef000 GCTaskThread "GC Thread#14" [stack: 0x000000e12e900000,0x000000e12ea00000] [id=10756]
  0x000001e1942ee000 GCTaskThread "GC Thread#15" [stack: 0x000000e12ea00000,0x000000e12eb00000] [id=16792]
  0x000001e1942f0000 GCTaskThread "GC Thread#16" [stack: 0x000000e12eb00000,0x000000e12ec00000] [id=14124]
  0x000001e19431d800 GCTaskThread "GC Thread#17" [stack: 0x000000e12ec00000,0x000000e12ed00000] [id=19324]
  0x000001e194319800 GCTaskThread "GC Thread#18" [stack: 0x000000e12ed00000,0x000000e12ee00000] [id=10164]
  0x000001e19431c000 GCTaskThread "GC Thread#19" [stack: 0x000000e12ee00000,0x000000e12ef00000] [id=14428]
  0x000001e19431a800 GCTaskThread "GC Thread#20" [stack: 0x000000e12ef00000,0x000000e12f000000] [id=8164]
  0x000001e19431c800 GCTaskThread "GC Thread#21" [stack: 0x000000e12f000000,0x000000e12f100000] [id=13864]
  0x000001e19431d000 GCTaskThread "GC Thread#22" [stack: 0x000000e12f100000,0x000000e12f200000] [id=20984]
  0x000001e1b0f12000 ConcurrentGCThread "G1 Main Marker" [stack: 0x000000e130a00000,0x000000e130b00000] [id=824]
  0x000001e19431e800 ConcurrentGCThread "G1 Marker#0" [stack: 0x000000e130b00000,0x000000e130c00000] [id=14724]
  0x000001e19431a000 ConcurrentGCThread "G1 Marker#1" [stack: 0x000000e130c00000,0x000000e130d00000] [id=20380]
  0x000001e194321000 ConcurrentGCThread "G1 Marker#2" [stack: 0x000000e130d00000,0x000000e130e00000] [id=1000]
  0x000001e19431f000 ConcurrentGCThread "G1 Marker#3" [stack: 0x000000e130e00000,0x000000e130f00000] [id=6276]
  0x000001e19431f800 ConcurrentGCThread "G1 Marker#4" [stack: 0x000000e130f00000,0x000000e131000000] [id=3788]
  0x000001e194320000 ConcurrentGCThread "G1 Marker#5" [stack: 0x000000e131000000,0x000000e131100000] [id=10228]
  0x000001e194367000 ConcurrentGCThread "G1 Refine#0" [stack: 0x000000e130800000,0x000000e130900000] [id=11584]
  0x000001e194366800 ConcurrentGCThread "G1 Refine#1" [stack: 0x000000e130700000,0x000000e130800000] [id=13452]
  0x000001e19436c800 ConcurrentGCThread "G1 Refine#2" [stack: 0x000000e130600000,0x000000e130700000] [id=14260]
  0x000001e19436c000 ConcurrentGCThread "G1 Refine#3" [stack: 0x000000e130500000,0x000000e130600000] [id=15560]
  0x000001e194351800 ConcurrentGCThread "G1 Refine#4" [stack: 0x000000e130400000,0x000000e130500000] [id=10460]
  0x000001e194351000 ConcurrentGCThread "G1 Refine#5" [stack: 0x000000e130300000,0x000000e130400000] [id=15752]
  0x000001e19434d800 ConcurrentGCThread "G1 Refine#6" [stack: 0x000000e130200000,0x000000e130300000] [id=7764]
  0x000001e19434c000 ConcurrentGCThread "G1 Refine#7" [stack: 0x000000e130100000,0x000000e130200000] [id=10804]
  0x000001e19434f000 ConcurrentGCThread "G1 Refine#8" [stack: 0x000000e130000000,0x000000e130100000] [id=17180]
  0x000001e194353800 ConcurrentGCThread "G1 Refine#9" [stack: 0x000000e12ff00000,0x000000e130000000] [id=21128]
  0x000001e19434e000 ConcurrentGCThread "G1 Refine#10" [stack: 0x000000e12fe00000,0x000000e12ff00000] [id=15800]
  0x000001e194352000 ConcurrentGCThread "G1 Refine#11" [stack: 0x000000e12fd00000,0x000000e12fe00000] [id=18904]
  0x000001e194350000 ConcurrentGCThread "G1 Refine#12" [stack: 0x000000e12fc00000,0x000000e12fd00000] [id=9852]
  0x000001e19434f800 ConcurrentGCThread "G1 Refine#13" [stack: 0x000000e12fb00000,0x000000e12fc00000] [id=9972]
  0x000001e19434d000 ConcurrentGCThread "G1 Refine#14" [stack: 0x000000e12fa00000,0x000000e12fb00000] [id=18720]
  0x000001e194353000 ConcurrentGCThread "G1 Refine#15" [stack: 0x000000e12f900000,0x000000e12fa00000] [id=11032]
  0x000001e19434b800 ConcurrentGCThread "G1 Refine#16" [stack: 0x000000e12f800000,0x000000e12f900000] [id=8296]
  0x000001e194343000 ConcurrentGCThread "G1 Refine#17" [stack: 0x000000e12f700000,0x000000e12f800000] [id=992]
  0x000001e194340000 ConcurrentGCThread "G1 Refine#18" [stack: 0x000000e12f600000,0x000000e12f700000] [id=1844]
  0x000001e19433c000 ConcurrentGCThread "G1 Refine#19" [stack: 0x000000e12f500000,0x000000e12f600000] [id=10984]
  0x000001e19433b800 ConcurrentGCThread "G1 Refine#20" [stack: 0x000000e12f400000,0x000000e12f500000] [id=10220]
  0x000001e194337000 ConcurrentGCThread "G1 Refine#21" [stack: 0x000000e12f300000,0x000000e12f400000] [id=13328]
  0x000001e194336000 ConcurrentGCThread "G1 Refine#22" [stack: 0x000000e12f200000,0x000000e12f300000] [id=18968]
  0x000001e1b0ea8800 ConcurrentGCThread "G1 Young RemSet Sampling" [stack: 0x000000e130900000,0x000000e130a00000] [id=20144]

Threads with active compile tasks:

VM state:synchronizing (normal execution)

VM Mutex/Monitor currently owned by a thread:  ([mutex/lock_event])
[0x000001e1942b7690] Safepoint_lock - owner thread: 0x000001e1c8ae7800
[0x000001e1942b6400] Threads_lock - owner thread: 0x000001e1c8ae7800

Heap address: 0x00000005c5800000, size: 8104 MB, Compressed Oops mode: Zero based, Oop shift amount: 3
Narrow klass base: 0x0000000000000000, Narrow klass shift: 3
Compressed class space size: 1073741824 Address: 0x00000007c0000000

Heap:
 garbage-first heap   total 624640K, used 516457K [0x00000005c5800000, 0x00000005c5a00988, 0x00000007c0000000)
  region size 2048K, 10 young (20480K), 2 survivors (4096K)
 Metaspace       used 30034K, capacity 33180K, committed 33408K, reserved 1079296K
  class space    used 3928K, capacity 4426K, committed 4480K, reserved 1048576K
Heap Regions: E=young(eden), S=young(survivor), O=old, HS=humongous(starts), HC=humongous(continues), CS=collection set, F=free, A=archive, TS=gc time stamp, AC=allocation context, TAMS=top-at-mark-start (previous, next)
|   0|0x00000005c5800000, 0x00000005c5a00000, 0x00000005c5a00000|100%| O|  |TS  0|AC  0|TAMS 0x00000005c5a00000, 0x00000005c5a00000|
|   1|0x00000005c5a00000, 0x00000005c5c00000, 0x00000005c5c00000|100%| O|  |TS  0|AC  0|TAMS 0x00000005c5c00000, 0x00000005c5c00000|
|   2|0x00000005c5c00000, 0x00000005c5e00000, 0x00000005c5e00000|100%| O|  |TS  0|AC  0|TAMS 0x00000005c5e00000, 0x00000005c5e00000|
|   3|0x00000005c5e00000, 0x00000005c6000000, 0x00000005c6000000|100%|HS|  |TS  0|AC  0|TAMS 0x00000005c6000000, 0x00000005c6000000|
|   4|0x00000005c6000000, 0x00000005c6200000, 0x00000005c6200000|100%|HC|  |TS  0|AC  0|TAMS 0x00000005c6200000, 0x00000005c6200000|
|   5|0x00000005c6200000, 0x00000005c6400000, 0x00000005c6400000|100%|HS|  |TS  0|AC  0|TAMS 0x00000005c6400000, 0x00000005c6400000|
|   6|0x00000005c6400000, 0x00000005c6600000, 0x00000005c6600000|100%| O|  |TS  0|AC  0|TAMS 0x00000005c6600000, 0x00000005c6600000|
|   7|0x00000005c6600000, 0x00000005c6800000, 0x00000005c6800000|100%| O|  |TS  0|AC  0|TAMS 0x00000005c6800000, 0x00000005c6800000|
|   8|0x00000005c6800000, 0x00000005c6a00000, 0x00000005c6a00000|100%| O|  |TS  0|AC  0|TAMS 0x00000005c6a00000, 0x00000005c6a00000|
|   9|0x00000005c6a00000, 0x00000005c6c00000, 0x00000005c6c00000|100%| O|  |TS  0|AC  0|TAMS 0x00000005c6c00000, 0x00000005c6c00000|
|  10|0x00000005c6c00000, 0x00000005c6e00000, 0x00000005c6e00000|100%| O|  |TS  0|AC  0|TAMS 0x00000005c6e00000, 0x00000005c6e00000|
|  11|0x00000005c6e00000, 0x00000005c7000000, 0x00000005c7000000|100%| O|  |TS  0|AC  0|TAMS 0x00000005c7000000, 0x00000005c7000000|
|  12|0x00000005c7000000, 0x00000005c7200000, 0x00000005c7200000|100%| O|  |TS  0|AC  0|TAMS 0x00000005c7200000, 0x00000005c7200000|
|  13|0x00000005c7200000, 0x00000005c7400000, 0x00000005c7400000|100%| O|  |TS  0|AC  0|TAMS 0x00000005c7400000, 0x00000005c7400000|
|  14|0x00000005c7400000, 0x00000005c7600000, 0x00000005c7600000|100%| O|  |TS  0|AC  0|TAMS 0x00000005c7600000, 0x00000005c7600000|
|  15|0x00000005c7600000, 0x00000005c7800000, 0x00000005c7800000|100%| O|  |TS  0|AC  0|TAMS 0x00000005c7800000, 0x00000005c7800000|
|  16|0x00000005c7800000, 0x00000005c7a00000, 0x00000005c7a00000|100%| O|  |TS  0|AC  0|TAMS 0x00000005c7a00000, 0x00000005c7a00000|
|  17|0x00000005c7a00000, 0x00000005c7c00000, 0x00000005c7c00000|100%| O|  |TS  0|AC  0|TAMS 0x00000005c7c00000, 0x00000005c7c00000|
|  18|0x00000005c7c00000, 0x00000005c7e00000, 0x00000005c7e00000|100%| O|  |TS  0|AC  0|TAMS 0x00000005c7e00000, 0x00000005c7e00000|
|  19|0x00000005c7e00000, 0x00000005c8000000, 0x00000005c8000000|100%| O|  |TS  0|AC  0|TAMS 0x00000005c8000000, 0x00000005c8000000|
|  20|0x00000005c8000000, 0x00000005c8200000, 0x00000005c8200000|100%| O|  |TS  0|AC  0|TAMS 0x00000005c8200000, 0x00000005c8200000|
|  21|0x00000005c8200000, 0x00000005c8400000, 0x00000005c8400000|100%| O|  |TS  0|AC  0|TAMS 0x00000005c8400000, 0x00000005c8400000|
|  22|0x00000005c8400000, 0x00000005c8600000, 0x00000005c8600000|100%| O|  |TS  0|AC  0|TAMS 0x00000005c8600000, 0x00000005c8600000|
|  23|0x00000005c8600000, 0x00000005c8800000, 0x00000005c8800000|100%| O|  |TS  0|AC  0|TAMS 0x00000005c8800000, 0x00000005c8800000|
|  24|0x00000005c8800000, 0x00000005c8a00000, 0x00000005c8a00000|100%| O|  |TS  0|AC  0|TAMS 0x00000005c8a00000, 0x00000005c8a00000|
|  25|0x00000005c8a00000, 0x00000005c8c00000, 0x00000005c8c00000|100%| O|  |TS  0|AC  0|TAMS 0x00000005c8c00000, 0x00000005c8c00000|
|  26|0x00000005c8c00000, 0x00000005c8e00000, 0x00000005c8e00000|100%| O|  |TS  0|AC  0|TAMS 0x00000005c8e00000, 0x00000005c8e00000|
|  27|0x00000005c8e00000, 0x00000005c9000000, 0x00000005c9000000|100%| O|  |TS  0|AC  0|TAMS 0x00000005c9000000, 0x00000005c9000000|
|  28|0x00000005c9000000, 0x00000005c9200000, 0x00000005c9200000|100%| O|  |TS  0|AC  0|TAMS 0x00000005c9200000, 0x00000005c9200000|
|  29|0x00000005c9200000, 0x00000005c9400000, 0x00000005c9400000|100%| O|  |TS  0|AC  0|TAMS 0x00000005c9400000, 0x00000005c9400000|
|  30|0x00000005c9400000, 0x00000005c9600000, 0x00000005c9600000|100%| O|  |TS  0|AC  0|TAMS 0x00000005c9600000, 0x00000005c9600000|
|  31|0x00000005c9600000, 0x00000005c9800000, 0x00000005c9800000|100%| O|  |TS  0|AC  0|TAMS 0x00000005c9800000, 0x00000005c9800000|
|  32|0x00000005c9800000, 0x00000005c9a00000, 0x00000005c9a00000|100%| O|  |TS  0|AC  0|TAMS 0x00000005c9a00000, 0x00000005c9a00000|
|  33|0x00000005c9a00000, 0x00000005c9c00000, 0x00000005c9c00000|100%| O|  |TS  0|AC  0|TAMS 0x00000005c9c00000, 0x00000005c9c00000|
|  34|0x00000005c9c00000, 0x00000005c9e00000, 0x00000005c9e00000|100%| O|  |TS  0|AC  0|TAMS 0x00000005c9e00000, 0x00000005c9e00000|
|  35|0x00000005c9e00000, 0x00000005ca000000, 0x00000005ca000000|100%| O|  |TS  0|AC  0|TAMS 0x00000005ca000000, 0x00000005ca000000|
|  36|0x00000005ca000000, 0x00000005ca200000, 0x00000005ca200000|100%| O|  |TS  0|AC  0|TAMS 0x00000005ca200000, 0x00000005ca200000|
|  37|0x00000005ca200000, 0x00000005ca400000, 0x00000005ca400000|100%| O|  |TS  0|AC  0|TAMS 0x00000005ca400000, 0x00000005ca400000|
|  38|0x00000005ca400000, 0x00000005ca600000, 0x00000005ca600000|100%| O|  |TS  0|AC  0|TAMS 0x00000005ca600000, 0x00000005ca600000|
|  39|0x00000005ca600000, 0x00000005ca800000, 0x00000005ca800000|100%| O|  |TS  0|AC  0|TAMS 0x00000005ca800000, 0x00000005ca800000|
|  40|0x00000005ca800000, 0x00000005caa00000, 0x00000005caa00000|100%| O|  |TS  0|AC  0|TAMS 0x00000005caa00000, 0x00000005caa00000|
|  41|0x00000005caa00000, 0x00000005cac00000, 0x00000005cac00000|100%|HS|  |TS  0|AC  0|TAMS 0x00000005cac00000, 0x00000005cac00000|
|  42|0x00000005cac00000, 0x00000005cae00000, 0x00000005cae00000|100%|HC|  |TS  0|AC  0|TAMS 0x00000005cae00000, 0x00000005cae00000|
|  43|0x00000005cae00000, 0x00000005cb000000, 0x00000005cb000000|100%|HC|  |TS  0|AC  0|TAMS 0x00000005cb000000, 0x00000005cb000000|
|  44|0x00000005cb000000, 0x00000005cb200000, 0x00000005cb200000|100%|HC|  |TS  0|AC  0|TAMS 0x00000005cb200000, 0x00000005cb200000|
|  45|0x00000005cb200000, 0x00000005cb400000, 0x00000005cb400000|100%|HC|  |TS  0|AC  0|TAMS 0x00000005cb400000, 0x00000005cb400000|
|  46|0x00000005cb400000, 0x00000005cb600000, 0x00000005cb600000|100%|HC|  |TS  0|AC  0|TAMS 0x00000005cb600000, 0x00000005cb600000|
|  47|0x00000005cb600000, 0x00000005cb800000, 0x00000005cb800000|100%|HC|  |TS  0|AC  0|TAMS 0x00000005cb800000, 0x00000005cb800000|
|  48|0x00000005cb800000, 0x00000005cba00000, 0x00000005cba00000|100%|HS|  |TS  0|AC  0|TAMS 0x00000005cba00000, 0x00000005cba00000|
|  49|0x00000005cba00000, 0x00000005cbc00000, 0x00000005cbc00000|100%|HC|  |TS  0|AC  0|TAMS 0x00000005cbc00000, 0x00000005cbc00000|
|  50|0x00000005cbc00000, 0x00000005cbe00000, 0x00000005cbe00000|100%|HC|  |TS  0|AC  0|TAMS 0x00000005cbe00000, 0x00000005cbe00000|
|  51|0x00000005cbe00000, 0x00000005cc000000, 0x00000005cc000000|100%|HC|  |TS  0|AC  0|TAMS 0x00000005cc000000, 0x00000005cc000000|
|  52|0x00000005cc000000, 0x00000005cc200000, 0x00000005cc200000|100%|HC|  |TS  0|AC  0|TAMS 0x00000005cc200000, 0x00000005cc200000|
|  53|0x00000005cc200000, 0x00000005cc400000, 0x00000005cc400000|100%|HC|  |TS  0|AC  0|TAMS 0x00000005cc400000, 0x00000005cc400000|
|  54|0x00000005cc400000, 0x00000005cc600000, 0x00000005cc600000|100%|HC|  |TS  0|AC  0|TAMS 0x00000005cc600000, 0x00000005cc600000|
|  55|0x00000005cc600000, 0x00000005cc800000, 0x00000005cc800000|100%|HS|  |TS  0|AC  0|TAMS 0x00000005cc800000, 0x00000005cc800000|
|  56|0x00000005cc800000, 0x00000005cca00000, 0x00000005cca00000|100%|HC|  |TS  0|AC  0|TAMS 0x00000005cca00000, 0x00000005cca00000|
|  57|0x00000005cca00000, 0x00000005ccc00000, 0x00000005ccc00000|100%|HC|  |TS  0|AC  0|TAMS 0x00000005ccc00000, 0x00000005ccc00000|
|  58|0x00000005ccc00000, 0x00000005cce00000, 0x00000005cce00000|100%|HC|  |TS  0|AC  0|TAMS 0x00000005cce00000, 0x00000005cce00000|
|  59|0x00000005cce00000, 0x00000005cd000000, 0x00000005cd000000|100%|HC|  |TS  0|AC  0|TAMS 0x00000005cd000000, 0x00000005cd000000|
|  60|0x00000005cd000000, 0x00000005cd200000, 0x00000005cd200000|100%|HC|  |TS  0|AC  0|TAMS 0x00000005cd200000, 0x00000005cd200000|
|  61|0x00000005cd200000, 0x00000005cd400000, 0x00000005cd400000|100%|HC|  |TS  0|AC  0|TAMS 0x00000005cd400000, 0x00000005cd400000|
|  62|0x00000005cd400000, 0x00000005cd600000, 0x00000005cd600000|100%|HS|  |TS  0|AC  0|TAMS 0x00000005cd600000, 0x00000005cd600000|
|  63|0x00000005cd600000, 0x00000005cd800000, 0x00000005cd800000|100%|HC|  |TS  0|AC  0|TAMS 0x00000005cd800000, 0x00000005cd800000|
|  64|0x00000005cd800000, 0x00000005cda00000, 0x00000005cda00000|100%|HC|  |TS  0|AC  0|TAMS 0x00000005cda00000, 0x00000005cda00000|
|  65|0x00000005cda00000, 0x00000005cdc00000, 0x00000005cdc00000|100%|HC|  |TS  0|AC  0|TAMS 0x00000005cdc00000, 0x00000005cdc00000|
|  66|0x00000005cdc00000, 0x00000005cde00000, 0x00000005cde00000|100%|HC|  |TS  0|AC  0|TAMS 0x00000005cde00000, 0x00000005cde00000|
|  67|0x00000005cde00000, 0x00000005ce000000, 0x00000005ce000000|100%|HC|  |TS  0|AC  0|TAMS 0x00000005ce000000, 0x00000005ce000000|
|  68|0x00000005ce000000, 0x00000005ce200000, 0x00000005ce200000|100%|HC|  |TS  0|AC  0|TAMS 0x00000005ce200000, 0x00000005ce200000|
|  69|0x00000005ce200000, 0x00000005ce400000, 0x00000005ce400000|100%|HS|  |TS  0|AC  0|TAMS 0x00000005ce400000, 0x00000005ce400000|
|  70|0x00000005ce400000, 0x00000005ce600000, 0x00000005ce600000|100%|HC|  |TS  0|AC  0|TAMS 0x00000005ce600000, 0x00000005ce600000|
|  71|0x00000005ce600000, 0x00000005ce800000, 0x00000005ce800000|100%|HC|  |TS  0|AC  0|TAMS 0x00000005ce800000, 0x00000005ce800000|
|  72|0x00000005ce800000, 0x00000005cea00000, 0x00000005cea00000|100%|HC|  |TS  0|AC  0|TAMS 0x00000005cea00000, 0x00000005cea00000|
|  73|0x00000005cea00000, 0x00000005cec00000, 0x00000005cec00000|100%|HC|  |TS  0|AC  0|TAMS 0x00000005cec00000, 0x00000005cec00000|
|  74|0x00000005cec00000, 0x00000005cee00000, 0x00000005cee00000|100%|HC|  |TS  0|AC  0|TAMS 0x00000005cee00000, 0x00000005cee00000|
|  75|0x00000005cee00000, 0x00000005cf000000, 0x00000005cf000000|100%|HC|  |TS  0|AC  0|TAMS 0x00000005cf000000, 0x00000005cf000000|
|  76|0x00000005cf000000, 0x00000005cf200000, 0x00000005cf200000|100%| O|  |TS  0|AC  0|TAMS 0x00000005cf200000, 0x00000005cf200000|
|  77|0x00000005cf200000, 0x00000005cf400000, 0x00000005cf400000|100%| O|  |TS  0|AC  0|TAMS 0x00000005cf400000, 0x00000005cf400000|
|  78|0x00000005cf400000, 0x00000005cf600000, 0x00000005cf600000|100%| O|  |TS  0|AC  0|TAMS 0x00000005cf600000, 0x00000005cf600000|
|  79|0x00000005cf600000, 0x00000005cf800000, 0x00000005cf800000|100%| O|  |TS  0|AC  0|TAMS 0x00000005cf800000, 0x00000005cf800000|
|  80|0x00000005cf800000, 0x00000005cfa00000, 0x00000005cfa00000|100%| O|  |TS  0|AC  0|TAMS 0x00000005cfa00000, 0x00000005cfa00000|
|  81|0x00000005cfa00000, 0x00000005cfc00000, 0x00000005cfc00000|100%| O|  |TS  0|AC  0|TAMS 0x00000005cfc00000, 0x00000005cfc00000|
|  82|0x00000005cfc00000, 0x00000005cfe00000, 0x00000005cfe00000|100%| O|  |TS  0|AC  0|TAMS 0x00000005cfe00000, 0x00000005cfe00000|
|  83|0x00000005cfe00000, 0x00000005d0000000, 0x00000005d0000000|100%|HS|  |TS  0|AC  0|TAMS 0x00000005d0000000, 0x00000005d0000000|
|  84|0x00000005d0000000, 0x00000005d0200000, 0x00000005d0200000|100%|HC|  |TS  0|AC  0|TAMS 0x00000005d0200000, 0x00000005d0200000|
|  85|0x00000005d0200000, 0x00000005d0400000, 0x00000005d0400000|100%|HC|  |TS  0|AC  0|TAMS 0x00000005d0400000, 0x00000005d0400000|
|  86|0x00000005d0400000, 0x00000005d0600000, 0x00000005d0600000|100%|HC|  |TS  0|AC  0|TAMS 0x00000005d0600000, 0x00000005d0600000|
|  87|0x00000005d0600000, 0x00000005d0800000, 0x00000005d0800000|100%|HC|  |TS  0|AC  0|TAMS 0x00000005d0800000, 0x00000005d0800000|
|  88|0x00000005d0800000, 0x00000005d0a00000, 0x00000005d0a00000|100%|HC|  |TS  0|AC  0|TAMS 0x00000005d0a00000, 0x00000005d0a00000|
|  89|0x00000005d0a00000, 0x00000005d0c00000, 0x00000005d0c00000|100%|HC|  |TS  0|AC  0|TAMS 0x00000005d0c00000, 0x00000005d0c00000|
|  90|0x00000005d0c00000, 0x00000005d0e00000, 0x00000005d0e00000|100%|HC|  |TS  0|AC  0|TAMS 0x00000005d0e00000, 0x00000005d0e00000|
|  91|0x00000005d0e00000, 0x00000005d1000000, 0x00000005d1000000|100%|HC|  |TS  0|AC  0|TAMS 0x00000005d1000000, 0x00000005d1000000|
|  92|0x00000005d1000000, 0x00000005d1200000, 0x00000005d1200000|100%|HC|  |TS  0|AC  0|TAMS 0x00000005d1200000, 0x00000005d1200000|
|  93|0x00000005d1200000, 0x00000005d1400000, 0x00000005d1400000|100%|HC|  |TS  0|AC  0|TAMS 0x00000005d1400000, 0x00000005d1400000|
|  94|0x00000005d1400000, 0x00000005d1600000, 0x00000005d1600000|100%|HC|  |TS  0|AC  0|TAMS 0x00000005d1600000, 0x00000005d1600000|
|  95|0x00000005d1600000, 0x00000005d1800000, 0x00000005d1800000|100%|HC|  |TS  0|AC  0|TAMS 0x00000005d1800000, 0x00000005d1800000|
|  96|0x00000005d1800000, 0x00000005d1a00000, 0x00000005d1a00000|100%| O|  |TS  0|AC  0|TAMS 0x00000005d1a00000, 0x00000005d1a00000|
|  97|0x00000005d1a00000, 0x00000005d1c00000, 0x00000005d1c00000|100%| O|  |TS  0|AC  0|TAMS 0x00000005d1c00000, 0x00000005d1c00000|
|  98|0x00000005d1c00000, 0x00000005d1e00000, 0x00000005d1e00000|100%| O|  |TS  0|AC  0|TAMS 0x00000005d1e00000, 0x00000005d1e00000|
|  99|0x00000005d1e00000, 0x00000005d2000000, 0x00000005d2000000|100%| O|  |TS  0|AC  0|TAMS 0x00000005d2000000, 0x00000005d2000000|
| 100|0x00000005d2000000, 0x00000005d2200000, 0x00000005d2200000|100%| O|  |TS  0|AC  0|TAMS 0x00000005d2200000, 0x00000005d2200000|
| 101|0x00000005d2200000, 0x00000005d2400000, 0x00000005d2400000|100%| O|  |TS  0|AC  0|TAMS 0x00000005d2400000, 0x00000005d2400000|
| 102|0x00000005d2400000, 0x00000005d2600000, 0x00000005d2600000|100%| O|  |TS  0|AC  0|TAMS 0x00000005d2600000, 0x00000005d2600000|
| 103|0x00000005d2600000, 0x00000005d2800000, 0x00000005d2800000|100%| O|  |TS  0|AC  0|TAMS 0x00000005d2800000, 0x00000005d2800000|
| 104|0x00000005d2800000, 0x00000005d2a00000, 0x00000005d2a00000|100%| O|  |TS  0|AC  0|TAMS 0x00000005d2a00000, 0x00000005d2a00000|
| 105|0x00000005d2a00000, 0x00000005d2c00000, 0x00000005d2c00000|100%| O|  |TS  0|AC  0|TAMS 0x00000005d2c00000, 0x00000005d2c00000|
| 106|0x00000005d2c00000, 0x00000005d2e00000, 0x00000005d2e00000|100%| O|  |TS  0|AC  0|TAMS 0x00000005d2e00000, 0x00000005d2e00000|
| 107|0x00000005d2e00000, 0x00000005d3000000, 0x00000005d3000000|100%| O|  |TS  0|AC  0|TAMS 0x00000005d3000000, 0x00000005d3000000|
| 108|0x00000005d3000000, 0x00000005d3200000, 0x00000005d3200000|100%| O|  |TS  0|AC  0|TAMS 0x00000005d3200000, 0x00000005d3200000|
| 109|0x00000005d3200000, 0x00000005d3400000, 0x00000005d3400000|100%| O|  |TS  0|AC  0|TAMS 0x00000005d3400000, 0x00000005d3400000|
| 110|0x00000005d3400000, 0x00000005d3600000, 0x00000005d3600000|100%| O|  |TS  0|AC  0|TAMS 0x00000005d3600000, 0x00000005d3600000|
| 111|0x00000005d3600000, 0x00000005d3800000, 0x00000005d3800000|100%| O|  |TS  0|AC  0|TAMS 0x00000005d3800000, 0x00000005d3800000|
| 112|0x00000005d3800000, 0x00000005d3a00000, 0x00000005d3a00000|100%| O|  |TS  0|AC  0|TAMS 0x00000005d3a00000, 0x00000005d3a00000|
| 113|0x00000005d3a00000, 0x00000005d3c00000, 0x00000005d3c00000|100%| O|  |TS  0|AC  0|TAMS 0x00000005d3c00000, 0x00000005d3c00000|
| 114|0x00000005d3c00000, 0x00000005d3e00000, 0x00000005d3e00000|100%| O|  |TS  0|AC  0|TAMS 0x00000005d3e00000, 0x00000005d3e00000|
| 115|0x00000005d3e00000, 0x00000005d4000000, 0x00000005d4000000|100%| O|  |TS  0|AC  0|TAMS 0x00000005d4000000, 0x00000005d4000000|
| 116|0x00000005d4000000, 0x00000005d4200000, 0x00000005d4200000|100%| O|  |TS  0|AC  0|TAMS 0x00000005d4200000, 0x00000005d4200000|
| 117|0x00000005d4200000, 0x00000005d4400000, 0x00000005d4400000|100%| O|  |TS  0|AC  0|TAMS 0x00000005d4400000, 0x00000005d4400000|
| 118|0x00000005d4400000, 0x00000005d4600000, 0x00000005d4600000|100%| O|  |TS  0|AC  0|TAMS 0x00000005d4600000, 0x00000005d4600000|
| 119|0x00000005d4600000, 0x00000005d4800000, 0x00000005d4800000|100%| O|  |TS  0|AC  0|TAMS 0x00000005d4800000, 0x00000005d4800000|
| 120|0x00000005d4800000, 0x00000005d4a00000, 0x00000005d4a00000|100%| O|  |TS  0|AC  0|TAMS 0x00000005d4a00000, 0x00000005d4a00000|
| 121|0x00000005d4a00000, 0x00000005d4c00000, 0x00000005d4c00000|100%| O|  |TS  0|AC  0|TAMS 0x00000005d4c00000, 0x00000005d4c00000|
| 122|0x00000005d4c00000, 0x00000005d4e00000, 0x00000005d4e00000|100%| O|  |TS  0|AC  0|TAMS 0x00000005d4e00000, 0x00000005d4e00000|
| 123|0x00000005d4e00000, 0x00000005d5000000, 0x00000005d5000000|100%| O|  |TS  0|AC  0|TAMS 0x00000005d5000000, 0x00000005d5000000|
| 124|0x00000005d5000000, 0x00000005d5200000, 0x00000005d5200000|100%| O|  |TS  0|AC  0|TAMS 0x00000005d5200000, 0x00000005d5200000|
| 125|0x00000005d5200000, 0x00000005d5400000, 0x00000005d5400000|100%| O|  |TS  0|AC  0|TAMS 0x00000005d5400000, 0x00000005d5400000|
| 126|0x00000005d5400000, 0x00000005d5600000, 0x00000005d5600000|100%| O|  |TS  0|AC  0|TAMS 0x00000005d5600000, 0x00000005d5600000|
| 127|0x00000005d5600000, 0x00000005d5800000, 0x00000005d5800000|100%| O|  |TS  0|AC  0|TAMS 0x00000005d5800000, 0x00000005d5800000|
| 128|0x00000005d5800000, 0x00000005d5a00000, 0x00000005d5a00000|100%| O|  |TS  0|AC  0|TAMS 0x00000005d5a00000, 0x00000005d5a00000|
| 129|0x00000005d5a00000, 0x00000005d5c00000, 0x00000005d5c00000|100%| O|  |TS  0|AC  0|TAMS 0x00000005d5c00000, 0x00000005d5c00000|
| 130|0x00000005d5c00000, 0x00000005d5e00000, 0x00000005d5e00000|100%| O|  |TS  0|AC  0|TAMS 0x00000005d5e00000, 0x00000005d5e00000|
| 131|0x00000005d5e00000, 0x00000005d6000000, 0x00000005d6000000|100%| O|  |TS  0|AC  0|TAMS 0x00000005d6000000, 0x00000005d6000000|
| 132|0x00000005d6000000, 0x00000005d6200000, 0x00000005d6200000|100%| O|  |TS  0|AC  0|TAMS 0x00000005d6200000, 0x00000005d6200000|
| 133|0x00000005d6200000, 0x00000005d6400000, 0x00000005d6400000|100%| O|  |TS  0|AC  0|TAMS 0x00000005d6400000, 0x00000005d6400000|
| 134|0x00000005d6400000, 0x00000005d6600000, 0x00000005d6600000|100%| O|  |TS  0|AC  0|TAMS 0x00000005d6600000, 0x00000005d6600000|
| 135|0x00000005d6600000, 0x00000005d6800000, 0x00000005d6800000|100%| O|  |TS  0|AC  0|TAMS 0x00000005d6800000, 0x00000005d6800000|
| 136|0x00000005d6800000, 0x00000005d6a00000, 0x00000005d6a00000|100%| O|  |TS  0|AC  0|TAMS 0x00000005d6a00000, 0x00000005d6a00000|
| 137|0x00000005d6a00000, 0x00000005d6c00000, 0x00000005d6c00000|100%| O|  |TS  0|AC  0|TAMS 0x00000005d6c00000, 0x00000005d6c00000|
| 138|0x00000005d6c00000, 0x00000005d6e00000, 0x00000005d6e00000|100%| O|  |TS  0|AC  0|TAMS 0x00000005d6e00000, 0x00000005d6e00000|
| 139|0x00000005d6e00000, 0x00000005d7000000, 0x00000005d7000000|100%| O|  |TS  0|AC  0|TAMS 0x00000005d7000000, 0x00000005d7000000|
| 140|0x00000005d7000000, 0x00000005d7200000, 0x00000005d7200000|100%| O|  |TS  0|AC  0|TAMS 0x00000005d7200000, 0x00000005d7200000|
| 141|0x00000005d7200000, 0x00000005d7400000, 0x00000005d7400000|100%| O|  |TS  0|AC  0|TAMS 0x00000005d7400000, 0x00000005d7400000|
| 142|0x00000005d7400000, 0x00000005d7600000, 0x00000005d7600000|100%| O|  |TS  0|AC  0|TAMS 0x00000005d7600000, 0x00000005d7600000|
| 143|0x00000005d7600000, 0x00000005d7800000, 0x00000005d7800000|100%| O|  |TS  0|AC  0|TAMS 0x00000005d7800000, 0x00000005d7800000|
| 144|0x00000005d7800000, 0x00000005d7a00000, 0x00000005d7a00000|100%| O|  |TS  0|AC  0|TAMS 0x00000005d7a00000, 0x00000005d7a00000|
| 145|0x00000005d7a00000, 0x00000005d7c00000, 0x00000005d7c00000|100%| O|  |TS  0|AC  0|TAMS 0x00000005d7c00000, 0x00000005d7c00000|
| 146|0x00000005d7c00000, 0x00000005d7e00000, 0x00000005d7e00000|100%| O|  |TS  0|AC  0|TAMS 0x00000005d7e00000, 0x00000005d7e00000|
| 147|0x00000005d7e00000, 0x00000005d8000000, 0x00000005d8000000|100%| O|  |TS  0|AC  0|TAMS 0x00000005d8000000, 0x00000005d8000000|
| 148|0x00000005d8000000, 0x00000005d8200000, 0x00000005d8200000|100%| O|  |TS  0|AC  0|TAMS 0x00000005d8200000, 0x00000005d8200000|
| 149|0x00000005d8200000, 0x00000005d8400000, 0x00000005d8400000|100%| O|  |TS  0|AC  0|TAMS 0x00000005d8400000, 0x00000005d8400000|
| 150|0x00000005d8400000, 0x00000005d8600000, 0x00000005d8600000|100%| O|  |TS  0|AC  0|TAMS 0x00000005d8600000, 0x00000005d8600000|
| 151|0x00000005d8600000, 0x00000005d8800000, 0x00000005d8800000|100%| O|  |TS  0|AC  0|TAMS 0x00000005d8800000, 0x00000005d8800000|
| 152|0x00000005d8800000, 0x00000005d8a00000, 0x00000005d8a00000|100%| O|  |TS  0|AC  0|TAMS 0x00000005d8a00000, 0x00000005d8a00000|
| 153|0x00000005d8a00000, 0x00000005d8c00000, 0x00000005d8c00000|100%| O|  |TS  0|AC  0|TAMS 0x00000005d8c00000, 0x00000005d8c00000|
| 154|0x00000005d8c00000, 0x00000005d8e00000, 0x00000005d8e00000|100%| O|  |TS  0|AC  0|TAMS 0x00000005d8e00000, 0x00000005d8e00000|
| 155|0x00000005d8e00000, 0x00000005d9000000, 0x00000005d9000000|100%| O|  |TS  0|AC  0|TAMS 0x00000005d9000000, 0x00000005d9000000|
| 156|0x00000005d9000000, 0x00000005d9200000, 0x00000005d9200000|100%| O|  |TS  0|AC  0|TAMS 0x00000005d9200000, 0x00000005d9200000|
| 157|0x00000005d9200000, 0x00000005d9400000, 0x00000005d9400000|100%| O|  |TS  0|AC  0|TAMS 0x00000005d9400000, 0x00000005d9400000|
| 158|0x00000005d9400000, 0x00000005d9600000, 0x00000005d9600000|100%| O|  |TS  0|AC  0|TAMS 0x00000005d9600000, 0x00000005d9600000|
| 159|0x00000005d9600000, 0x00000005d9800000, 0x00000005d9800000|100%| O|  |TS  0|AC  0|TAMS 0x00000005d9800000, 0x00000005d9800000|
| 160|0x00000005d9800000, 0x00000005d9a00000, 0x00000005d9a00000|100%| O|  |TS  0|AC  0|TAMS 0x00000005d9a00000, 0x00000005d9a00000|
| 161|0x00000005d9a00000, 0x00000005d9c00000, 0x00000005d9c00000|100%| O|  |TS  0|AC  0|TAMS 0x00000005d9c00000, 0x00000005d9c00000|
| 162|0x00000005d9c00000, 0x00000005d9e00000, 0x00000005d9e00000|100%| O|  |TS  0|AC  0|TAMS 0x00000005d9e00000, 0x00000005d9e00000|
| 163|0x00000005d9e00000, 0x00000005da000000, 0x00000005da000000|100%| O|  |TS  0|AC  0|TAMS 0x00000005da000000, 0x00000005da000000|
| 164|0x00000005da000000, 0x00000005da200000, 0x00000005da200000|100%| O|  |TS  0|AC  0|TAMS 0x00000005da200000, 0x00000005da200000|
| 165|0x00000005da200000, 0x00000005da400000, 0x00000005da400000|100%| O|  |TS  0|AC  0|TAMS 0x00000005da400000, 0x00000005da400000|
| 166|0x00000005da400000, 0x00000005da600000, 0x00000005da600000|100%| O|  |TS  0|AC  0|TAMS 0x00000005da600000, 0x00000005da600000|
| 167|0x00000005da600000, 0x00000005da800000, 0x00000005da800000|100%| O|  |TS  0|AC  0|TAMS 0x00000005da800000, 0x00000005da800000|
| 168|0x00000005da800000, 0x00000005daa00000, 0x00000005daa00000|100%| O|  |TS  0|AC  0|TAMS 0x00000005daa00000, 0x00000005daa00000|
| 169|0x00000005daa00000, 0x00000005dac00000, 0x00000005dac00000|100%| O|  |TS  0|AC  0|TAMS 0x00000005dac00000, 0x00000005dac00000|
| 170|0x00000005dac00000, 0x00000005dae00000, 0x00000005dae00000|100%| O|  |TS  0|AC  0|TAMS 0x00000005dae00000, 0x00000005dae00000|
| 171|0x00000005dae00000, 0x00000005db000000, 0x00000005db000000|100%| O|  |TS  0|AC  0|TAMS 0x00000005db000000, 0x00000005db000000|
| 172|0x00000005db000000, 0x00000005db200000, 0x00000005db200000|100%| O|  |TS  0|AC  0|TAMS 0x00000005db200000, 0x00000005db200000|
| 173|0x00000005db200000, 0x00000005db400000, 0x00000005db400000|100%| O|  |TS  0|AC  0|TAMS 0x00000005db400000, 0x00000005db400000|
| 174|0x00000005db400000, 0x00000005db600000, 0x00000005db600000|100%| O|  |TS  0|AC  0|TAMS 0x00000005db600000, 0x00000005db600000|
| 175|0x00000005db600000, 0x00000005db800000, 0x00000005db800000|100%| O|  |TS  0|AC  0|TAMS 0x00000005db800000, 0x00000005db800000|
| 176|0x00000005db800000, 0x00000005dba00000, 0x00000005dba00000|100%| O|  |TS  0|AC  0|TAMS 0x00000005dba00000, 0x00000005dba00000|
| 177|0x00000005dba00000, 0x00000005dbc00000, 0x00000005dbc00000|100%| O|  |TS  0|AC  0|TAMS 0x00000005dbc00000, 0x00000005dbc00000|
| 178|0x00000005dbc00000, 0x00000005dbe00000, 0x00000005dbe00000|100%| O|  |TS  0|AC  0|TAMS 0x00000005dbe00000, 0x00000005dbe00000|
| 179|0x00000005dbe00000, 0x00000005dc000000, 0x00000005dc000000|100%| O|  |TS  0|AC  0|TAMS 0x00000005dc000000, 0x00000005dc000000|
| 180|0x00000005dc000000, 0x00000005dc200000, 0x00000005dc200000|100%| O|  |TS  0|AC  0|TAMS 0x00000005dc200000, 0x00000005dc200000|
| 181|0x00000005dc200000, 0x00000005dc400000, 0x00000005dc400000|100%| O|  |TS  0|AC  0|TAMS 0x00000005dc400000, 0x00000005dc400000|
| 182|0x00000005dc400000, 0x00000005dc600000, 0x00000005dc600000|100%| O|  |TS  0|AC  0|TAMS 0x00000005dc600000, 0x00000005dc600000|
| 183|0x00000005dc600000, 0x00000005dc800000, 0x00000005dc800000|100%| O|  |TS  0|AC  0|TAMS 0x00000005dc800000, 0x00000005dc800000|
| 184|0x00000005dc800000, 0x00000005dca00000, 0x00000005dca00000|100%| O|  |TS  0|AC  0|TAMS 0x00000005dca00000, 0x00000005dca00000|
| 185|0x00000005dca00000, 0x00000005dcc00000, 0x00000005dcc00000|100%| O|  |TS  0|AC  0|TAMS 0x00000005dcc00000, 0x00000005dcc00000|
| 186|0x00000005dcc00000, 0x00000005dce00000, 0x00000005dce00000|100%| O|  |TS  0|AC  0|TAMS 0x00000005dce00000, 0x00000005dce00000|
| 187|0x00000005dce00000, 0x00000005dd000000, 0x00000005dd000000|100%| O|  |TS  0|AC  0|TAMS 0x00000005dd000000, 0x00000005dd000000|
| 188|0x00000005dd000000, 0x00000005dd200000, 0x00000005dd200000|100%| O|  |TS  0|AC  0|TAMS 0x00000005dd200000, 0x00000005dd200000|
| 189|0x00000005dd200000, 0x00000005dd400000, 0x00000005dd400000|100%| O|  |TS  0|AC  0|TAMS 0x00000005dd400000, 0x00000005dd400000|
| 190|0x00000005dd400000, 0x00000005dd600000, 0x00000005dd600000|100%| O|  |TS  0|AC  0|TAMS 0x00000005dd600000, 0x00000005dd600000|
| 191|0x00000005dd600000, 0x00000005dd800000, 0x00000005dd800000|100%| O|  |TS  0|AC  0|TAMS 0x00000005dd800000, 0x00000005dd800000|
| 192|0x00000005dd800000, 0x00000005dda00000, 0x00000005dda00000|100%| O|  |TS  0|AC  0|TAMS 0x00000005dda00000, 0x00000005dda00000|
| 193|0x00000005dda00000, 0x00000005ddc00000, 0x00000005ddc00000|100%| O|  |TS  0|AC  0|TAMS 0x00000005ddc00000, 0x00000005ddc00000|
| 194|0x00000005ddc00000, 0x00000005dde00000, 0x00000005dde00000|100%| O|  |TS  0|AC  0|TAMS 0x00000005dde00000, 0x00000005dde00000|
| 195|0x00000005dde00000, 0x00000005de000000, 0x00000005de000000|100%| O|  |TS  0|AC  0|TAMS 0x00000005de000000, 0x00000005de000000|
| 196|0x00000005de000000, 0x00000005de200000, 0x00000005de200000|100%| O|  |TS  0|AC  0|TAMS 0x00000005de200000, 0x00000005de200000|
| 197|0x00000005de200000, 0x00000005de400000, 0x00000005de400000|100%| O|  |TS  0|AC  0|TAMS 0x00000005de400000, 0x00000005de400000|
| 198|0x00000005de400000, 0x00000005de600000, 0x00000005de600000|100%| O|  |TS  0|AC  0|TAMS 0x00000005de600000, 0x00000005de600000|
| 199|0x00000005de600000, 0x00000005de800000, 0x00000005de800000|100%| O|  |TS  0|AC  0|TAMS 0x00000005de800000, 0x00000005de800000|
| 200|0x00000005de800000, 0x00000005dea00000, 0x00000005dea00000|100%| O|  |TS  0|AC  0|TAMS 0x00000005dea00000, 0x00000005dea00000|
| 201|0x00000005dea00000, 0x00000005dec00000, 0x00000005dec00000|100%| O|  |TS  0|AC  0|TAMS 0x00000005dec00000, 0x00000005dec00000|
| 202|0x00000005dec00000, 0x00000005dee00000, 0x00000005dee00000|100%| O|  |TS  0|AC  0|TAMS 0x00000005dee00000, 0x00000005dee00000|
| 203|0x00000005dee00000, 0x00000005df000000, 0x00000005df000000|100%| O|  |TS  0|AC  0|TAMS 0x00000005df000000, 0x00000005df000000|
| 204|0x00000005df000000, 0x00000005df200000, 0x00000005df200000|100%| O|  |TS  0|AC  0|TAMS 0x00000005df200000, 0x00000005df200000|
| 205|0x00000005df200000, 0x00000005df400000, 0x00000005df400000|100%| O|  |TS  0|AC  0|TAMS 0x00000005df400000, 0x00000005df400000|
| 206|0x00000005df400000, 0x00000005df600000, 0x00000005df600000|100%| O|  |TS  0|AC  0|TAMS 0x00000005df600000, 0x00000005df600000|
| 207|0x00000005df600000, 0x00000005df800000, 0x00000005df800000|100%| O|  |TS  0|AC  0|TAMS 0x00000005df800000, 0x00000005df800000|
| 208|0x00000005df800000, 0x00000005dfa00000, 0x00000005dfa00000|100%| O|  |TS  0|AC  0|TAMS 0x00000005dfa00000, 0x00000005dfa00000|
| 209|0x00000005dfa00000, 0x00000005dfc00000, 0x00000005dfc00000|100%| O|  |TS  0|AC  0|TAMS 0x00000005dfc00000, 0x00000005dfc00000|
| 210|0x00000005dfc00000, 0x00000005dfe00000, 0x00000005dfe00000|100%| O|  |TS  0|AC  0|TAMS 0x00000005dfe00000, 0x00000005dfe00000|
| 211|0x00000005dfe00000, 0x00000005e0000000, 0x00000005e0000000|100%| O|  |TS  0|AC  0|TAMS 0x00000005e0000000, 0x00000005e0000000|
| 212|0x00000005e0000000, 0x00000005e0200000, 0x00000005e0200000|100%| O|  |TS  0|AC  0|TAMS 0x00000005e0200000, 0x00000005e0200000|
| 213|0x00000005e0200000, 0x00000005e0400000, 0x00000005e0400000|100%| O|  |TS  0|AC  0|TAMS 0x00000005e0400000, 0x00000005e0400000|
| 214|0x00000005e0400000, 0x00000005e0600000, 0x00000005e0600000|100%| O|  |TS  0|AC  0|TAMS 0x00000005e0600000, 0x00000005e0600000|
| 215|0x00000005e0600000, 0x00000005e0800000, 0x00000005e0800000|100%| O|  |TS  0|AC  0|TAMS 0x00000005e0800000, 0x00000005e0800000|
| 216|0x00000005e0800000, 0x00000005e0a00000, 0x00000005e0a00000|100%| O|  |TS  0|AC  0|TAMS 0x00000005e0a00000, 0x00000005e0a00000|
| 217|0x00000005e0a00000, 0x00000005e0c00000, 0x00000005e0c00000|100%| O|  |TS  0|AC  0|TAMS 0x00000005e0c00000, 0x00000005e0c00000|
| 218|0x00000005e0c00000, 0x00000005e0e00000, 0x00000005e0e00000|100%| O|  |TS  0|AC  0|TAMS 0x00000005e0e00000, 0x00000005e0e00000|
| 219|0x00000005e0e00000, 0x00000005e1000000, 0x00000005e1000000|100%| O|  |TS  0|AC  0|TAMS 0x00000005e1000000, 0x00000005e1000000|
| 220|0x00000005e1000000, 0x00000005e1200000, 0x00000005e1200000|100%| O|  |TS  0|AC  0|TAMS 0x00000005e1200000, 0x00000005e1200000|
| 221|0x00000005e1200000, 0x00000005e1400000, 0x00000005e1400000|100%| O|  |TS  0|AC  0|TAMS 0x00000005e1400000, 0x00000005e1400000|
| 222|0x00000005e1400000, 0x00000005e1600000, 0x00000005e1600000|100%| O|  |TS  0|AC  0|TAMS 0x00000005e1600000, 0x00000005e1600000|
| 223|0x00000005e1600000, 0x00000005e1800000, 0x00000005e1800000|100%| O|  |TS  0|AC  0|TAMS 0x00000005e1800000, 0x00000005e1800000|
| 224|0x00000005e1800000, 0x00000005e1a00000, 0x00000005e1a00000|100%| O|  |TS  0|AC  0|TAMS 0x00000005e1a00000, 0x00000005e1a00000|
| 225|0x00000005e1a00000, 0x00000005e1c00000, 0x00000005e1c00000|100%| O|  |TS  0|AC  0|TAMS 0x00000005e1c00000, 0x00000005e1c00000|
| 226|0x00000005e1c00000, 0x00000005e1e00000, 0x00000005e1e00000|100%| O|  |TS  0|AC  0|TAMS 0x00000005e1e00000, 0x00000005e1e00000|
| 227|0x00000005e1e00000, 0x00000005e2000000, 0x00000005e2000000|100%| O|  |TS  0|AC  0|TAMS 0x00000005e2000000, 0x00000005e2000000|
| 228|0x00000005e2000000, 0x00000005e2200000, 0x00000005e2200000|100%| O|  |TS  0|AC  0|TAMS 0x00000005e2200000, 0x00000005e2200000|
| 229|0x00000005e2200000, 0x00000005e2400000, 0x00000005e2400000|100%| O|  |TS  0|AC  0|TAMS 0x00000005e2400000, 0x00000005e2400000|
| 230|0x00000005e2400000, 0x00000005e2600000, 0x00000005e2600000|100%| O|  |TS  0|AC  0|TAMS 0x00000005e2600000, 0x00000005e2600000|
| 231|0x00000005e2600000, 0x00000005e2800000, 0x00000005e2800000|100%| O|  |TS  0|AC  0|TAMS 0x00000005e2800000, 0x00000005e2800000|
| 232|0x00000005e2800000, 0x00000005e2a00000, 0x00000005e2a00000|100%| O|  |TS  0|AC  0|TAMS 0x00000005e2a00000, 0x00000005e2a00000|
| 233|0x00000005e2a00000, 0x00000005e2c00000, 0x00000005e2c00000|100%| O|  |TS  0|AC  0|TAMS 0x00000005e2c00000, 0x00000005e2c00000|
| 234|0x00000005e2c00000, 0x00000005e2e00000, 0x00000005e2e00000|100%| O|  |TS  0|AC  0|TAMS 0x00000005e2e00000, 0x00000005e2e00000|
| 235|0x00000005e2e00000, 0x00000005e3000000, 0x00000005e3000000|100%| O|  |TS  0|AC  0|TAMS 0x00000005e3000000, 0x00000005e3000000|
| 236|0x00000005e3000000, 0x00000005e3200000, 0x00000005e3200000|100%| O|  |TS  0|AC  0|TAMS 0x00000005e3200000, 0x00000005e3200000|
| 237|0x00000005e3200000, 0x00000005e3400000, 0x00000005e3400000|100%| O|  |TS  0|AC  0|TAMS 0x00000005e3400000, 0x00000005e3400000|
| 238|0x00000005e3400000, 0x00000005e3600000, 0x00000005e3600000|100%| O|  |TS  0|AC  0|TAMS 0x00000005e3600000, 0x00000005e3600000|
| 239|0x00000005e3600000, 0x00000005e3800000, 0x00000005e3800000|100%| O|  |TS  0|AC  0|TAMS 0x00000005e3800000, 0x00000005e3800000|
| 240|0x00000005e3800000, 0x00000005e3a00000, 0x00000005e3a00000|100%| O|  |TS  0|AC  0|TAMS 0x00000005e3a00000, 0x00000005e3a00000|
| 241|0x00000005e3a00000, 0x00000005e3c00000, 0x00000005e3c00000|100%| O|  |TS  0|AC  0|TAMS 0x00000005e3c00000, 0x00000005e3c00000|
| 242|0x00000005e3c00000, 0x00000005e3e00000, 0x00000005e3e00000|100%| O|  |TS  0|AC  0|TAMS 0x00000005e3e00000, 0x00000005e3e00000|
| 243|0x00000005e3e00000, 0x00000005e3e5a400, 0x00000005e4000000| 17%| O|  |TS  0|AC  0|TAMS 0x00000005e3e5a400, 0x00000005e3e5a400|
| 244|0x00000005e4000000, 0x00000005e4000000, 0x00000005e4200000|  0%| F|  |TS  0|AC  0|TAMS 0x00000005e4000000, 0x00000005e4000000|
| 245|0x00000005e4200000, 0x00000005e4200000, 0x00000005e4400000|  0%| F|  |TS  0|AC  0|TAMS 0x00000005e4200000, 0x00000005e4200000|
| 246|0x00000005e4400000, 0x00000005e4400000, 0x00000005e4600000|  0%| F|  |TS  0|AC  0|TAMS 0x00000005e4400000, 0x00000005e4400000|
| 247|0x00000005e4600000, 0x00000005e4600000, 0x00000005e4800000|  0%| F|  |TS  0|AC  0|TAMS 0x00000005e4600000, 0x00000005e4600000|
| 248|0x00000005e4800000, 0x00000005e4800000, 0x00000005e4a00000|  0%| F|  |TS  0|AC  0|TAMS 0x00000005e4800000, 0x00000005e4800000|
| 249|0x00000005e4a00000, 0x00000005e4a00000, 0x00000005e4c00000|  0%| F|  |TS  0|AC  0|TAMS 0x00000005e4a00000, 0x00000005e4a00000|
| 250|0x00000005e4c00000, 0x00000005e4c00000, 0x00000005e4e00000|  0%| F|  |TS  0|AC  0|TAMS 0x00000005e4c00000, 0x00000005e4c00000|
| 251|0x00000005e4e00000, 0x00000005e4e00000, 0x00000005e5000000|  0%| F|  |TS  0|AC  0|TAMS 0x00000005e4e00000, 0x00000005e4e00000|
| 252|0x00000005e5000000, 0x00000005e5000000, 0x00000005e5200000|  0%| F|  |TS  0|AC  0|TAMS 0x00000005e5000000, 0x00000005e5000000|
| 253|0x00000005e5200000, 0x00000005e5200000, 0x00000005e5400000|  0%| F|  |TS  0|AC  0|TAMS 0x00000005e5200000, 0x00000005e5200000|
| 254|0x00000005e5400000, 0x00000005e5400000, 0x00000005e5600000|  0%| F|  |TS  0|AC  0|TAMS 0x00000005e5400000, 0x00000005e5400000|
| 255|0x00000005e5600000, 0x00000005e5600000, 0x00000005e5800000|  0%| F|  |TS  0|AC  0|TAMS 0x00000005e5600000, 0x00000005e5600000|
| 256|0x00000005e5800000, 0x00000005e5800000, 0x00000005e5a00000|  0%| F|  |TS  0|AC  0|TAMS 0x00000005e5800000, 0x00000005e5800000|
| 257|0x00000005e5a00000, 0x00000005e5a00000, 0x00000005e5c00000|  0%| F|  |TS  0|AC  0|TAMS 0x00000005e5a00000, 0x00000005e5a00000|
| 258|0x00000005e5c00000, 0x00000005e5c00000, 0x00000005e5e00000|  0%| F|  |TS  0|AC  0|TAMS 0x00000005e5c00000, 0x00000005e5c00000|
| 259|0x00000005e5e00000, 0x00000005e5e00000, 0x00000005e6000000|  0%| F|  |TS  0|AC  0|TAMS 0x00000005e5e00000, 0x00000005e5e00000|
| 260|0x00000005e6000000, 0x00000005e6000000, 0x00000005e6200000|  0%| F|  |TS  0|AC  0|TAMS 0x00000005e6000000, 0x00000005e6000000|
| 261|0x00000005e6200000, 0x00000005e6200000, 0x00000005e6400000|  0%| F|  |TS  0|AC  0|TAMS 0x00000005e6200000, 0x00000005e6200000|
| 262|0x00000005e6400000, 0x00000005e6400000, 0x00000005e6600000|  0%| F|  |TS  0|AC  0|TAMS 0x00000005e6400000, 0x00000005e6400000|
| 263|0x00000005e6600000, 0x00000005e6600000, 0x00000005e6800000|  0%| F|  |TS  0|AC  0|TAMS 0x00000005e6600000, 0x00000005e6600000|
| 264|0x00000005e6800000, 0x00000005e6800000, 0x00000005e6a00000|  0%| F|  |TS  0|AC  0|TAMS 0x00000005e6800000, 0x00000005e6800000|
| 265|0x00000005e6a00000, 0x00000005e6a00000, 0x00000005e6c00000|  0%| F|  |TS  0|AC  0|TAMS 0x00000005e6a00000, 0x00000005e6a00000|
| 266|0x00000005e6c00000, 0x00000005e6c00000, 0x00000005e6e00000|  0%| F|  |TS  0|AC  0|TAMS 0x00000005e6c00000, 0x00000005e6c00000|
| 267|0x00000005e6e00000, 0x00000005e6e00000, 0x00000005e7000000|  0%| F|  |TS  0|AC  0|TAMS 0x00000005e6e00000, 0x00000005e6e00000|
| 268|0x00000005e7000000, 0x00000005e7000000, 0x00000005e7200000|  0%| F|  |TS  0|AC  0|TAMS 0x00000005e7000000, 0x00000005e7000000|
| 269|0x00000005e7200000, 0x00000005e7200000, 0x00000005e7400000|  0%| F|  |TS  0|AC  0|TAMS 0x00000005e7200000, 0x00000005e7200000|
| 270|0x00000005e7400000, 0x00000005e7400000, 0x00000005e7600000|  0%| F|  |TS  0|AC  0|TAMS 0x00000005e7400000, 0x00000005e7400000|
| 271|0x00000005e7600000, 0x00000005e7600000, 0x00000005e7800000|  0%| F|  |TS  0|AC  0|TAMS 0x00000005e7600000, 0x00000005e7600000|
| 272|0x00000005e7800000, 0x00000005e7800000, 0x00000005e7a00000|  0%| F|  |TS  0|AC  0|TAMS 0x00000005e7800000, 0x00000005e7800000|
| 273|0x00000005e7a00000, 0x00000005e7a00000, 0x00000005e7c00000|  0%| F|  |TS  0|AC  0|TAMS 0x00000005e7a00000, 0x00000005e7a00000|
| 274|0x00000005e7c00000, 0x00000005e7c00000, 0x00000005e7e00000|  0%| F|  |TS  0|AC  0|TAMS 0x00000005e7c00000, 0x00000005e7c00000|
| 275|0x00000005e7e00000, 0x00000005e7e00000, 0x00000005e8000000|  0%| F|  |TS  0|AC  0|TAMS 0x00000005e7e00000, 0x00000005e7e00000|
| 276|0x00000005e8000000, 0x00000005e8000000, 0x00000005e8200000|  0%| F|  |TS  0|AC  0|TAMS 0x00000005e8000000, 0x00000005e8000000|
| 277|0x00000005e8200000, 0x00000005e8200000, 0x00000005e8400000|  0%| F|  |TS  0|AC  0|TAMS 0x00000005e8200000, 0x00000005e8200000|
| 278|0x00000005e8400000, 0x00000005e8400000, 0x00000005e8600000|  0%| F|  |TS  0|AC  0|TAMS 0x00000005e8400000, 0x00000005e8400000|
| 279|0x00000005e8600000, 0x00000005e8600000, 0x00000005e8800000|  0%| F|  |TS  0|AC  0|TAMS 0x00000005e8600000, 0x00000005e8600000|
| 280|0x00000005e8800000, 0x00000005e8800000, 0x00000005e8a00000|  0%| F|  |TS  0|AC  0|TAMS 0x00000005e8800000, 0x00000005e8800000|
| 281|0x00000005e8a00000, 0x00000005e8a00000, 0x00000005e8c00000|  0%| F|  |TS  0|AC  0|TAMS 0x00000005e8a00000, 0x00000005e8a00000|
| 282|0x00000005e8c00000, 0x00000005e8c00000, 0x00000005e8e00000|  0%| F|  |TS  0|AC  0|TAMS 0x00000005e8c00000, 0x00000005e8c00000|
| 283|0x00000005e8e00000, 0x00000005e8e00000, 0x00000005e9000000|  0%| F|  |TS  0|AC  0|TAMS 0x00000005e8e00000, 0x00000005e8e00000|
| 284|0x00000005e9000000, 0x00000005e9000000, 0x00000005e9200000|  0%| F|  |TS  0|AC  0|TAMS 0x00000005e9000000, 0x00000005e9000000|
| 285|0x00000005e9200000, 0x00000005e9200000, 0x00000005e9400000|  0%| F|  |TS  0|AC  0|TAMS 0x00000005e9200000, 0x00000005e9200000|
| 286|0x00000005e9400000, 0x00000005e9400000, 0x00000005e9600000|  0%| F|  |TS  0|AC  0|TAMS 0x00000005e9400000, 0x00000005e9400000|
| 287|0x00000005e9600000, 0x00000005e9600000, 0x00000005e9800000|  0%| F|  |TS  0|AC  0|TAMS 0x00000005e9600000, 0x00000005e9600000|
| 288|0x00000005e9800000, 0x00000005e9800000, 0x00000005e9a00000|  0%| F|  |TS  0|AC  0|TAMS 0x00000005e9800000, 0x00000005e9800000|
| 289|0x00000005e9a00000, 0x00000005e9a00000, 0x00000005e9c00000|  0%| F|  |TS  0|AC  0|TAMS 0x00000005e9a00000, 0x00000005e9a00000|
| 290|0x00000005e9c00000, 0x00000005e9c00000, 0x00000005e9e00000|  0%| F|  |TS  0|AC  0|TAMS 0x00000005e9c00000, 0x00000005e9c00000|
| 291|0x00000005e9e00000, 0x00000005ea000000, 0x00000005ea000000|100%| S|CS|TS  0|AC  0|TAMS 0x00000005e9e00000, 0x00000005e9e00000|
| 292|0x00000005ea000000, 0x00000005ea200000, 0x00000005ea200000|100%| S|CS|TS  0|AC  0|TAMS 0x00000005ea000000, 0x00000005ea000000|
| 293|0x00000005ea200000, 0x00000005ea200000, 0x00000005ea400000|  0%| F|  |TS  0|AC  0|TAMS 0x00000005ea200000, 0x00000005ea200000|
| 294|0x00000005ea400000, 0x00000005ea400000, 0x00000005ea600000|  0%| F|  |TS  0|AC  0|TAMS 0x00000005ea400000, 0x00000005ea400000|
| 295|0x00000005ea600000, 0x00000005ea600000, 0x00000005ea800000|  0%| F|  |TS  0|AC  0|TAMS 0x00000005ea600000, 0x00000005ea600000|
| 296|0x00000005ea800000, 0x00000005ea800000, 0x00000005eaa00000|  0%| F|  |TS  0|AC  0|TAMS 0x00000005ea800000, 0x00000005ea800000|
| 297|0x00000005eaa00000, 0x00000005eab0a7a0, 0x00000005eac00000| 52%| E|  |TS  0|AC  0|TAMS 0x00000005eaa00000, 0x00000005eaa00000|
| 298|0x00000005eac00000, 0x00000005eae00000, 0x00000005eae00000|100%| E|CS|TS  0|AC  0|TAMS 0x00000005eac00000, 0x00000005eac00000|
| 299|0x00000005eae00000, 0x00000005eb000000, 0x00000005eb000000|100%| E|CS|TS  0|AC  0|TAMS 0x00000005eae00000, 0x00000005eae00000|
| 300|0x00000005eb000000, 0x00000005eb200000, 0x00000005eb200000|100%| E|CS|TS  0|AC  0|TAMS 0x00000005eb000000, 0x00000005eb000000|
| 301|0x00000005eb200000, 0x00000005eb400000, 0x00000005eb400000|100%| E|CS|TS  0|AC  0|TAMS 0x00000005eb200000, 0x00000005eb200000|
| 302|0x00000005eb400000, 0x00000005eb600000, 0x00000005eb600000|100%| E|CS|TS  0|AC  0|TAMS 0x00000005eb400000, 0x00000005eb400000|
| 303|0x00000005eb600000, 0x00000005eb800000, 0x00000005eb800000|100%| E|CS|TS  0|AC  0|TAMS 0x00000005eb600000, 0x00000005eb600000|
| 304|0x00000005eb800000, 0x00000005eba00000, 0x00000005eba00000|100%| E|CS|TS  0|AC  0|TAMS 0x00000005eb800000, 0x00000005eb800000|

Card table byte_map: [0x000001e1b2f60000,0x000001e1b3f40000] byte_map_base: 0x000001e1b0134000

Marking Bits (Prev, Next): (CMBitMap*) 0x000001e1b0f11670, (CMBitMap*) 0x000001e1b0f116a8
 Prev Bits: [0x000001e1b4f20000, 0x000001e1bcdc0000)
 Next Bits: [0x000001e1bcdc0000, 0x000001e1c4c60000)

Polling page: 0x000001e195c60000

CodeHeap 'non-profiled nmethods': size=118912Kb used=2162Kb max_used=2162Kb free=116749Kb
 bounds [0x000001e1a8000000, 0x000001e1a8270000, 0x000001e1af420000]
CodeHeap 'profiled nmethods': size=118848Kb used=11186Kb max_used=11186Kb free=107661Kb
 bounds [0x000001e1a0bf0000, 0x000001e1a16e0000, 0x000001e1a8000000]
CodeHeap 'non-nmethods': size=8000Kb used=3756Kb max_used=3787Kb free=4243Kb
 bounds [0x000001e1a0420000, 0x000001e1a07e0000, 0x000001e1a0bf0000]
 total_blobs=6321 nmethods=4714 adapters=717
 compilation: enabled

Compilation events (10 events):
Event: 21.433 Thread 0x000001e1c9414800 nmethod 4709 0x000001e1a821ac90 code [0x000001e1a821ae40, 0x000001e1a821af58]
Event: 21.433 Thread 0x000001e1c9416000 nmethod 4708 0x000001e1a16db190 code [0x000001e1a16db420, 0x000001e1a16dc390]
Event: 29.424 Thread 0x000001e1c9414800 4710       3       org.netbeans.modules.debugger.jpda.visual.remote.RemoteFXService::access$400 (4 bytes)
Event: 29.424 Thread 0x000001e1c9414800 nmethod 4710 0x000001e1a16dc790 code [0x000001e1a16dc940, 0x000001e1a16dca98]
Event: 87.447 Thread 0x000001e1c93e7000 4712       4       com.sun.javafx.tk.quantum.QuantumToolkit::postPulse (106 bytes)
Event: 87.459 Thread 0x000001e1c93e7000 nmethod 4712 0x000001e1a821b490 code [0x000001e1a821b660, 0x000001e1a821b968]
Event: 87.879 Thread 0x000001e1c8afa000 4713       4       com.sun.javafx.tk.quantum.QuantumToolkit$$Lambda$54/2059142798::run (8 bytes)
Event: 87.891 Thread 0x000001e1c8afa000 nmethod 4713 0x000001e1a821bc90 code [0x000001e1a821be60, 0x000001e1a821c278]
Event: 132.263 Thread 0x000001e1c9411800 4714       1       org.netbeans.modules.debugger.jpda.visual.remote.RemoteFXService::access$400 (4 bytes)
Event: 132.263 Thread 0x000001e1c9411800 nmethod 4714 0x000001e1a821c690 code [0x000001e1a821c840, 0x000001e1a821c938]

GC Heap History (10 events):
Event: 20.329 GC heap before
{Heap before GC invocations=7 (full 0):
 garbage-first heap   total 520192K, used 328752K [0x00000005c5800000, 0x00000005c5a007f0, 0x00000007c0000000)
  region size 2048K, 30 young (61440K), 4 survivors (8192K)
 Metaspace       used 29994K, capacity 33180K, committed 33408K, reserved 1079296K
  class space    used 3926K, capacity 4426K, committed 4480K, reserved 1048576K
}
Event: 20.428 GC heap after
{Heap after GC invocations=8 (full 0):
 garbage-first heap   total 624640K, used 328616K [0x00000005c5800000, 0x00000005c5a00988, 0x00000007c0000000)
  region size 2048K, 4 young (8192K), 4 survivors (8192K)
 Metaspace       used 29994K, capacity 33180K, committed 33408K, reserved 1079296K
  class space    used 3926K, capacity 4426K, committed 4480K, reserved 1048576K
}
Event: 20.689 GC heap before
{Heap before GC invocations=9 (full 0):
 garbage-first heap   total 624640K, used 388008K [0x00000005c5800000, 0x00000005c5a00988, 0x00000007c0000000)
  region size 2048K, 33 young (67584K), 4 survivors (8192K)
 Metaspace       used 29994K, capacity 33180K, committed 33408K, reserved 1079296K
  class space    used 3926K, capacity 4426K, committed 4480K, reserved 1048576K
}
Event: 20.800 GC heap after
{Heap after GC invocations=10 (full 0):
 garbage-first heap   total 624640K, used 387807K [0x00000005c5800000, 0x00000005c5a00988, 0x00000007c0000000)
  region size 2048K, 5 young (10240K), 5 survivors (10240K)
 Metaspace       used 29994K, capacity 33180K, committed 33408K, reserved 1079296K
  class space    used 3926K, capacity 4426K, committed 4480K, reserved 1048576K
}
Event: 20.983 GC heap before
{Heap before GC invocations=10 (full 0):
 garbage-first heap   total 624640K, used 441055K [0x00000005c5800000, 0x00000005c5a00988, 0x00000007c0000000)
  region size 2048K, 31 young (63488K), 5 survivors (10240K)
 Metaspace       used 29994K, capacity 33180K, committed 33408K, reserved 1079296K
  class space    used 3926K, capacity 4426K, committed 4480K, reserved 1048576K
}
Event: 21.067 GC heap after
{Heap after GC invocations=11 (full 0):
 garbage-first heap   total 624640K, used 440958K [0x00000005c5800000, 0x00000005c5a00988, 0x00000007c0000000)
  region size 2048K, 4 young (8192K), 4 survivors (8192K)
 Metaspace       used 29994K, capacity 33180K, committed 33408K, reserved 1079296K
  class space    used 3926K, capacity 4426K, committed 4480K, reserved 1048576K
}
Event: 21.228 GC heap before
{Heap before GC invocations=12 (full 0):
 garbage-first heap   total 624640K, used 477822K [0x00000005c5800000, 0x00000005c5a00988, 0x00000007c0000000)
  region size 2048K, 22 young (45056K), 4 survivors (8192K)
 Metaspace       used 29994K, capacity 33180K, committed 33408K, reserved 1079296K
  class space    used 3926K, capacity 4426K, committed 4480K, reserved 1048576K
}
Event: 21.251 GC heap after
{Heap after GC invocations=13 (full 0):
 garbage-first heap   total 624640K, used 477686K [0x00000005c5800000, 0x00000005c5a00988, 0x00000007c0000000)
  region size 2048K, 3 young (6144K), 3 survivors (6144K)
 Metaspace       used 29994K, capacity 33180K, committed 33408K, reserved 1079296K
  class space    used 3926K, capacity 4426K, committed 4480K, reserved 1048576K
}
Event: 21.327 GC heap before
{Heap before GC invocations=13 (full 0):
 garbage-first heap   total 624640K, used 502262K [0x00000005c5800000, 0x00000005c5a00988, 0x00000007c0000000)
  region size 2048K, 15 young (30720K), 3 survivors (6144K)
 Metaspace       used 29994K, capacity 33180K, committed 33408K, reserved 1079296K
  class space    used 3926K, capacity 4426K, committed 4480K, reserved 1048576K
}
Event: 21.339 GC heap after
{Heap after GC invocations=14 (full 0):
 garbage-first heap   total 624640K, used 502121K [0x00000005c5800000, 0x00000005c5a00988, 0x00000007c0000000)
  region size 2048K, 2 young (4096K), 2 survivors (4096K)
 Metaspace       used 29994K, capacity 33180K, committed 33408K, reserved 1079296K
  class space    used 3926K, capacity 4426K, committed 4480K, reserved 1048576K
}

Deoptimization events (10 events):
Event: 17.547 Thread 0x000001e1cfcc5000 Uncommon trap: reason=unstable_if action=reinterpret pc=0x000001e1a8031170 method=java.lang.AbstractStringBuilder.append(Ljava/lang/String;)Ljava/lang/AbstractStringBuilder; @ 1 c2
Event: 19.018 Thread 0x000001e1cfcc5000 Uncommon trap: reason=unstable_if action=reinterpret pc=0x000001e1a81e11a4 method=org.dcm4che3.io.DicomInputStream.readValue(Lorg/dcm4che3/io/DicomInputStream;Lorg/dcm4che3/data/Attributes;)V @ 54 c2
Event: 19.361 Thread 0x000001e1cfcc5000 Uncommon trap: reason=unstable_if action=reinterpret pc=0x000001e1a81efda8 method=java.lang.CharacterDataLatin1.digit(II)I @ 82 c2
Event: 19.362 Thread 0x000001e1cfcc5000 Uncommon trap: reason=unstable_if action=reinterpret pc=0x000001e1a81ec318 method=java.lang.CharacterDataLatin1.digit(II)I @ 82 c2
Event: 19.398 Thread 0x000001e1cfcc5000 Uncommon trap: reason=unstable_if action=reinterpret pc=0x000001e1a8201d28 method=java.util.ArrayList$SubList$1.hasNext()Z @ 11 c2
Event: 19.408 Thread 0x000001e1cfcc5000 Uncommon trap: reason=unstable_if action=reinterpret pc=0x000001e1a82037bc method=RawDCMLibary.model.FileDicomBase.locateImageTag(II)I @ 360 c2
Event: 19.580 Thread 0x000001e1cfcc5000 Uncommon trap: reason=unstable_if action=reinterpret pc=0x000001e1a820c580 method=java.util.DualPivotQuicksort.sort([IIIZ)V @ 741 c2
Event: 19.588 Thread 0x000001e1cfcc5000 Uncommon trap: reason=unstable_if action=reinterpret pc=0x000001e1a820b9d0 method=java.util.DualPivotQuicksort.sort([IIIZ)V @ 1084 c2
Event: 19.851 Thread 0x000001e1cfcc5000 Uncommon trap: reason=unstable_if action=reinterpret pc=0x000001e1a82160ac method=alphabeta.DICOM.DICOMDose.interpolate2D([[DDD)[[D @ 46 c2
Event: 21.423 Thread 0x000001e1cfcc5000 Uncommon trap: reason=unstable_if action=reinterpret pc=0x000001e1a81e77d8 method=org.dcm4che3.data.ElementDictionary.getElementDictionary(Ljava/lang/String;)Lorg/dcm4che3/data/ElementDictionary; @ 1 c2

Classes redefined (2 events):
Event: 140.092 Thread 0x000001e1c8ae7800 redefined class name=alphabeta.thread.LoadThread$1, count=1
Event: 140.110 Thread 0x000001e1c8ae7800 redefined class name=alphabeta.thread.LoadThread, count=1

Internal exceptions (10 events):
Event: 3.540 Thread 0x000001e1ca33e000 Exception <a 'java/lang/NoSuchMethodError'{0x00000005e41ae1a8}: java.lang.invoke.DirectMethodHandle$Holder.invokeStaticInit(Ljava/lang/Object;Ljava/lang/Object;Ljava/lang/Object;)J> (0x00000005e41ae1a8) thrown at [t:/workspace/hotspot/src/share/vm/interpr
Event: 3.544 Thread 0x000001e1ca33e000 Exception <a 'java/lang/NoSuchMethodError'{0x00000005e41c0cd8}: method resolution failed> (0x00000005e41c0cd8) thrown at [t:/workspace/hotspot/src/share/vm/prims/methodHandles.cpp, line 1256]
Event: 3.544 Thread 0x000001e1ca33e000 Exception <a 'java/lang/NoSuchMethodError'{0x00000005e41c6e00}: java.lang.invoke.DirectMethodHandle$Holder.invokeStatic(Ljava/lang/Object;Ljava/lang/Object;J)Ljava/lang/Object;> (0x00000005e41c6e00) thrown at [t:/workspace/hotspot/src/share/vm/interpreter
Event: 3.545 Thread 0x000001e1ca33e000 Exception <a 'java/lang/NoSuchMethodError'{0x00000005e41ca3f8}: method resolution failed> (0x00000005e41ca3f8) thrown at [t:/workspace/hotspot/src/share/vm/prims/methodHandles.cpp, line 1256]
Event: 17.440 Thread 0x000001e1cfcc5000 Implicit null exception at 0x000001e1a81ae019 to 0x000001e1a81ae199
Event: 17.447 Thread 0x000001e1cfcc5000 Exception <a 'java/lang/ClassNotFoundException'{0x00000005e3dbe3e8}: sun/awt/resources/spi/awtProvider> (0x00000005e3dbe3e8) thrown at [t:/workspace/hotspot/src/share/vm/classfile/systemDictionary.cpp, line 218]
Event: 17.449 Thread 0x000001e1cfcc5000 Exception <a 'java/io/FileNotFoundException'{0x00000005e3dc2bd0}> (0x00000005e3dc2bd0) thrown at [t:/workspace/hotspot/src/share/vm/prims/jni.cpp, line 604]
Event: 17.450 Thread 0x000001e1cfcc5000 Exception <a 'java/io/FileNotFoundException'{0x00000005e3dc5a30}> (0x00000005e3dc5a30) thrown at [t:/workspace/hotspot/src/share/vm/prims/jni.cpp, line 604]
Event: 17.508 Thread 0x000001e1cfcc5000 Implicit null exception at 0x000001e1a80489f7 to 0x000001e1a8049011
Event: 17.547 Thread 0x000001e1cfcc5000 Implicit null exception at 0x000001e1a8030af7 to 0x000001e1a8031155

Events (10 events):
Event: 140.862 Executing VM operation: GetFrameLocation
Event: 140.862 Executing VM operation: GetFrameLocation done
Event: 140.862 Executing VM operation: GetFrameLocation
Event: 140.862 Executing VM operation: GetFrameLocation done
Event: 140.862 Executing VM operation: GetFrameLocation
Event: 140.862 Executing VM operation: GetFrameLocation done
Event: 140.862 Executing VM operation: GetFrameLocation
Event: 140.863 Executing VM operation: GetFrameLocation done
Event: 140.863 Executing VM operation: GetFrameLocation
Event: 140.863 Executing VM operation: GetFrameLocation done


Dynamic libraries:
0x00007ff6bd6e0000 - 0x00007ff6bd71e000 	T:\ALLGEMEI\Haesler\netbeans\jdk-9.0.4\bin\java.exe
0x00007ffb066a0000 - 0x00007ffb06870000 	C:\Windows\SYSTEM32\ntdll.dll
0x00007ffb04470000 - 0x00007ffb0451c000 	C:\Windows\System32\KERNEL32.DLL
0x00007ffb03910000 - 0x00007ffb03b2d000 	C:\Windows\System32\KERNELBASE.dll
0x00007ffb04530000 - 0x00007ffb045d2000 	C:\Windows\System32\ADVAPI32.dll
0x00007ffb06340000 - 0x00007ffb063de000 	C:\Windows\System32\msvcrt.dll
0x00007ffb06440000 - 0x00007ffb06499000 	C:\Windows\System32\sechost.dll
0x00007ffb042d0000 - 0x00007ffb043f1000 	C:\Windows\System32\RPCRT4.dll
0x00007ffb04160000 - 0x00007ffb042c5000 	C:\Windows\System32\USER32.dll
0x00007ffb02ed0000 - 0x00007ffb02eee000 	C:\Windows\System32\win32u.dll
0x00007ffb03dc0000 - 0x00007ffb03df4000 	C:\Windows\System32\GDI32.dll
0x00007ffb036d0000 - 0x00007ffb03851000 	C:\Windows\System32\gdi32full.dll
0x00007ffafda70000 - 0x00007ffafda7a000 	C:\Windows\SYSTEM32\VERSION.dll
0x00007ffaf4800000 - 0x00007ffaf4a7a000 	C:\Windows\WinSxS\amd64_microsoft.windows.common-controls_6595b64144ccf1df_6.0.14393.3053_none_7de042968342015d\COMCTL32.dll
0x00007ffb045f0000 - 0x00007ffb048b5000 	C:\Windows\System32\combase.dll
0x00007ffb03b30000 - 0x00007ffb03c24000 	C:\Windows\System32\ucrtbase.dll
0x00007ffb02c30000 - 0x00007ffb02c9a000 	C:\Windows\System32\bcryptPrimitives.dll
0x00007ffb06310000 - 0x00007ffb0633e000 	C:\Windows\System32\IMM32.DLL
0x000001e195c80000 - 0x000001e195c91000 	C:\Windows\System32\umppc10102.dll
0x00007ffabe080000 - 0x00007ffabe16f000 	T:\ALLGEMEI\Haesler\netbeans\jdk-9.0.4\bin\msvcr120.dll
0x00007ffabdfd0000 - 0x00007ffabe076000 	T:\ALLGEMEI\Haesler\netbeans\jdk-9.0.4\bin\msvcp120.dll
0x000000005dc90000 - 0x000000005e6b5000 	T:\ALLGEMEI\Haesler\netbeans\jdk-9.0.4\bin\server\jvm.dll
0x00007ffb03db0000 - 0x00007ffb03db8000 	C:\Windows\System32\PSAPI.DLL
0x00007ffafa810000 - 0x00007ffafa819000 	C:\Windows\SYSTEM32\WSOCK32.dll
0x00007ffb04d90000 - 0x00007ffb04dfa000 	C:\Windows\System32\WS2_32.dll
0x00007ffb00a00000 - 0x00007ffb00a23000 	C:\Windows\SYSTEM32\WINMM.dll
0x00007ffb009a0000 - 0x00007ffb009cb000 	C:\Windows\SYSTEM32\WINMMBASE.dll
0x00007ffb035d0000 - 0x00007ffb03612000 	C:\Windows\System32\cfgmgr32.dll
0x00007ffafa2a0000 - 0x00007ffafa2af000 	T:\ALLGEMEI\Haesler\netbeans\jdk-9.0.4\bin\verify.dll
0x00007ffac2dc0000 - 0x00007ffac2de7000 	T:\ALLGEMEI\Haesler\netbeans\jdk-9.0.4\bin\java.dll
0x00007ffacf1f0000 - 0x00007ffacf226000 	T:\ALLGEMEI\Haesler\netbeans\jdk-9.0.4\bin\jdwp.dll
0x00007ffac2da0000 - 0x00007ffac2db6000 	T:\ALLGEMEI\Haesler\netbeans\jdk-9.0.4\bin\zip.dll
0x00007ffad0f10000 - 0x00007ffad0f1a000 	T:\ALLGEMEI\Haesler\netbeans\jdk-9.0.4\bin\jimage.dll
0x00007ffb04e00000 - 0x00007ffb06305000 	C:\Windows\System32\SHELL32.dll
0x00007ffb02ef0000 - 0x00007ffb035ca000 	C:\Windows\System32\windows.storage.dll
0x00007ffb02b20000 - 0x00007ffb02b6c000 	C:\Windows\System32\powrprof.dll
0x00007ffb04100000 - 0x00007ffb04152000 	C:\Windows\System32\shlwapi.dll
0x00007ffb02b10000 - 0x00007ffb02b1f000 	C:\Windows\System32\kernel.appcore.dll
0x00007ffb03620000 - 0x00007ffb036c9000 	C:\Windows\System32\shcore.dll
0x00007ffb02b70000 - 0x00007ffb02b84000 	C:\Windows\System32\profapi.dll
0x00007ffac2b30000 - 0x00007ffac2b4a000 	T:\ALLGEMEI\Haesler\netbeans\jdk-9.0.4\bin\net.dll
0x00007ffaff290000 - 0x00007ffaff35c000 	C:\Windows\SYSTEM32\WINHTTP.dll
0x00007ffb02420000 - 0x00007ffb0247c000 	C:\Windows\system32\mswsock.dll
0x00007ffac2b10000 - 0x00007ffac2b21000 	T:\ALLGEMEI\Haesler\netbeans\jdk-9.0.4\bin\nio.dll
0x00007ffaf15a0000 - 0x00007ffaf15ab000 	T:\ALLGEMEI\Haesler\netbeans\jdk-9.0.4\bin\dt_shmem.dll
0x000001e195d00000 - 0x000001e195d03000 	T:\ALLGEMEI\Haesler\netbeans\jdk-9.0.4\bin\api-ms-win-core-console-l1-1-0.dll
0x000001e195d20000 - 0x000001e195d23000 	T:\ALLGEMEI\Haesler\netbeans\jdk-9.0.4\bin\api-ms-win-core-datetime-l1-1-0.dll
0x000001e195d30000 - 0x000001e195d33000 	T:\ALLGEMEI\Haesler\netbeans\jdk-9.0.4\bin\api-ms-win-core-debug-l1-1-0.dll
0x000001e195d40000 - 0x000001e195d43000 	T:\ALLGEMEI\Haesler\netbeans\jdk-9.0.4\bin\api-ms-win-core-errorhandling-l1-1-0.dll
0x000001e195d50000 - 0x000001e195d54000 	T:\ALLGEMEI\Haesler\netbeans\jdk-9.0.4\bin\api-ms-win-core-file-l1-1-0.dll
0x000001e195d60000 - 0x000001e195d63000 	T:\ALLGEMEI\Haesler\netbeans\jdk-9.0.4\bin\api-ms-win-core-file-l1-2-0.dll
0x000001e195d70000 - 0x000001e195d73000 	T:\ALLGEMEI\Haesler\netbeans\jdk-9.0.4\bin\api-ms-win-core-file-l2-1-0.dll
0x000001e195d80000 - 0x000001e195d83000 	T:\ALLGEMEI\Haesler\netbeans\jdk-9.0.4\bin\api-ms-win-core-handle-l1-1-0.dll
0x000001e195d90000 - 0x000001e195d93000 	T:\ALLGEMEI\Haesler\netbeans\jdk-9.0.4\bin\api-ms-win-core-heap-l1-1-0.dll
0x000001e195da0000 - 0x000001e195da3000 	T:\ALLGEMEI\Haesler\netbeans\jdk-9.0.4\bin\api-ms-win-core-interlocked-l1-1-0.dll
0x000001e195db0000 - 0x000001e195db3000 	T:\ALLGEMEI\Haesler\netbeans\jdk-9.0.4\bin\api-ms-win-core-libraryloader-l1-1-0.dll
0x000001e1ca010000 - 0x000001e1ca013000 	T:\ALLGEMEI\Haesler\netbeans\jdk-9.0.4\bin\api-ms-win-core-localization-l1-2-0.dll
0x000001e1ca020000 - 0x000001e1ca023000 	T:\ALLGEMEI\Haesler\netbeans\jdk-9.0.4\bin\api-ms-win-core-memory-l1-1-0.dll
0x000001e1ca030000 - 0x000001e1ca033000 	T:\ALLGEMEI\Haesler\netbeans\jdk-9.0.4\bin\api-ms-win-core-namedpipe-l1-1-0.dll
0x000001e1ca040000 - 0x000001e1ca043000 	T:\ALLGEMEI\Haesler\netbeans\jdk-9.0.4\bin\api-ms-win-core-processenvironment-l1-1-0.dll
0x000001e1ca050000 - 0x000001e1ca053000 	T:\ALLGEMEI\Haesler\netbeans\jdk-9.0.4\bin\api-ms-win-core-processthreads-l1-1-0.dll
0x000001e1ca060000 - 0x000001e1ca063000 	T:\ALLGEMEI\Haesler\netbeans\jdk-9.0.4\bin\api-ms-win-core-processthreads-l1-1-1.dll
0x000001e1ca070000 - 0x000001e1ca073000 	T:\ALLGEMEI\Haesler\netbeans\jdk-9.0.4\bin\api-ms-win-core-profile-l1-1-0.dll
0x000001e1ca080000 - 0x000001e1ca083000 	T:\ALLGEMEI\Haesler\netbeans\jdk-9.0.4\bin\api-ms-win-core-rtlsupport-l1-1-0.dll
0x000001e1ca090000 - 0x000001e1ca093000 	T:\ALLGEMEI\Haesler\netbeans\jdk-9.0.4\bin\api-ms-win-core-string-l1-1-0.dll
0x000001e1ca0a0000 - 0x000001e1ca0a3000 	T:\ALLGEMEI\Haesler\netbeans\jdk-9.0.4\bin\api-ms-win-core-synch-l1-1-0.dll
0x000001e1ca0b0000 - 0x000001e1ca0b3000 	T:\ALLGEMEI\Haesler\netbeans\jdk-9.0.4\bin\api-ms-win-core-synch-l1-2-0.dll
0x000001e1ca0c0000 - 0x000001e1ca0c3000 	T:\ALLGEMEI\Haesler\netbeans\jdk-9.0.4\bin\api-ms-win-core-sysinfo-l1-1-0.dll
0x000001e1ca0d0000 - 0x000001e1ca0d3000 	T:\ALLGEMEI\Haesler\netbeans\jdk-9.0.4\bin\api-ms-win-core-timezone-l1-1-0.dll
0x000001e1ca0e0000 - 0x000001e1ca0e3000 	T:\ALLGEMEI\Haesler\netbeans\jdk-9.0.4\bin\api-ms-win-core-util-l1-1-0.dll
0x000001e1ca0f0000 - 0x000001e1ca0f3000 	T:\ALLGEMEI\Haesler\netbeans\jdk-9.0.4\bin\api-ms-win-crt-conio-l1-1-0.dll
0x000001e1ca100000 - 0x000001e1ca104000 	T:\ALLGEMEI\Haesler\netbeans\jdk-9.0.4\bin\api-ms-win-crt-convert-l1-1-0.dll
0x000001e1ca110000 - 0x000001e1ca113000 	T:\ALLGEMEI\Haesler\netbeans\jdk-9.0.4\bin\api-ms-win-crt-environment-l1-1-0.dll
0x000001e1ca120000 - 0x000001e1ca123000 	T:\ALLGEMEI\Haesler\netbeans\jdk-9.0.4\bin\api-ms-win-crt-filesystem-l1-1-0.dll
0x000001e1ca130000 - 0x000001e1ca133000 	T:\ALLGEMEI\Haesler\netbeans\jdk-9.0.4\bin\api-ms-win-crt-heap-l1-1-0.dll
0x000001e1ca140000 - 0x000001e1ca143000 	T:\ALLGEMEI\Haesler\netbeans\jdk-9.0.4\bin\api-ms-win-crt-locale-l1-1-0.dll
0x000001e1ca150000 - 0x000001e1ca155000 	T:\ALLGEMEI\Haesler\netbeans\jdk-9.0.4\bin\api-ms-win-crt-math-l1-1-0.dll
0x000001e1ca160000 - 0x000001e1ca165000 	T:\ALLGEMEI\Haesler\netbeans\jdk-9.0.4\bin\api-ms-win-crt-multibyte-l1-1-0.dll
0x000001e1ca170000 - 0x000001e1ca180000 	T:\ALLGEMEI\Haesler\netbeans\jdk-9.0.4\bin\api-ms-win-crt-private-l1-1-0.dll
0x000001e1ca180000 - 0x000001e1ca183000 	T:\ALLGEMEI\Haesler\netbeans\jdk-9.0.4\bin\api-ms-win-crt-process-l1-1-0.dll
0x000001e1ca190000 - 0x000001e1ca194000 	T:\ALLGEMEI\Haesler\netbeans\jdk-9.0.4\bin\api-ms-win-crt-runtime-l1-1-0.dll
0x000001e1ca1a0000 - 0x000001e1ca1a4000 	T:\ALLGEMEI\Haesler\netbeans\jdk-9.0.4\bin\api-ms-win-crt-stdio-l1-1-0.dll
0x000001e1ca1b0000 - 0x000001e1ca1b4000 	T:\ALLGEMEI\Haesler\netbeans\jdk-9.0.4\bin\api-ms-win-crt-string-l1-1-0.dll
0x000001e1ca1c0000 - 0x000001e1ca1c3000 	T:\ALLGEMEI\Haesler\netbeans\jdk-9.0.4\bin\api-ms-win-crt-time-l1-1-0.dll
0x000001e1ca1d0000 - 0x000001e1ca1d3000 	T:\ALLGEMEI\Haesler\netbeans\jdk-9.0.4\bin\api-ms-win-crt-utility-l1-1-0.dll
0x00007ffac39b0000 - 0x00007ffac3aa6000 	T:\ALLGEMEI\Haesler\netbeans\jdk-9.0.4\bin\ucrtbase.dll
0x00007ffafa2e0000 - 0x00007ffafa2f6000 	T:\ALLGEMEI\Haesler\netbeans\jdk-9.0.4\bin\vcruntime140.dll
0x00007ffac9520000 - 0x00007ffac95bc000 	T:\ALLGEMEI\Haesler\netbeans\jdk-9.0.4\bin\msvcp140.dll
0x00007ffaced80000 - 0x00007ffacedd1000 	T:\ALLGEMEI\Haesler\netbeans\jdk-9.0.4\bin\concrt140.dll
0x00007ffada800000 - 0x00007ffada823000 	T:\ALLGEMEI\Haesler\netbeans\jdk-9.0.4\bin\prism_d3d.dll
0x00007ffad04f0000 - 0x00007ffad067d000 	C:\Windows\system32\d3d9.dll
0x00007ffb00760000 - 0x00007ffb00786000 	C:\Windows\SYSTEM32\dwmapi.dll
0x00007ffb00f90000 - 0x00007ffb01025000 	C:\Windows\system32\uxtheme.dll
0x00007ffaca650000 - 0x00007ffacb70f000 	C:\Windows\System32\DriverStore\FileRepository\nv_dispwi.inf_amd64_78b6fa1429829a91\nvd3dumx.dll
0x00007ffacf1a0000 - 0x00007ffacf1ea000 	T:\ALLGEMEI\Haesler\netbeans\jdk-9.0.4\bin\glass.dll
0x00007ffb03e60000 - 0x00007ffb03f5a000 	C:\Windows\System32\COMDLG32.dll
0x00007ffb064a0000 - 0x00007ffb065d8000 	C:\Windows\System32\ole32.dll
0x00007ffb065e0000 - 0x00007ffb066a0000 	C:\Windows\System32\OLEAUT32.dll
0x00007ffb02b90000 - 0x00007ffb02c2c000 	C:\Windows\System32\msvcp_win.dll
0x00007ffb03c30000 - 0x00007ffb03d8b000 	C:\Windows\System32\MSCTF.dll
0x00007ffad88e0000 - 0x00007ffad88f4000 	T:\ALLGEMEI\Haesler\netbeans\jdk-9.0.4\bin\javafx_font.dll
0x00007ffabd9b0000 - 0x00007ffabdb49000 	T:\ALLGEMEI\Haesler\netbeans\jdk-9.0.4\bin\awt.dll
0x00007ffafd3c0000 - 0x00007ffafd91f000 	C:\Windows\SYSTEM32\d2d1.dll
0x00007ffb02d00000 - 0x00007ffb02ec9000 	C:\Windows\System32\CRYPT32.dll
0x00007ffb02b00000 - 0x00007ffb02b10000 	C:\Windows\System32\MSASN1.dll
0x00007ffb00040000 - 0x00007ffb000ba000 	C:\Windows\SYSTEM32\apphelp.dll
0x00007ffabd910000 - 0x00007ffabd9ad000 	T:\ALLGEMEI\Haesler\netbeans\jdk-9.0.4\bin\fontmanager.dll
0x00007ffaefd70000 - 0x00007ffaeffda000 	C:\Windows\SYSTEM32\dwrite.dll
0x00007ffb048c0000 - 0x00007ffb0495f000 	C:\Windows\System32\clbcatq.dll
0x00007ffafec90000 - 0x00007ffafee38000 	C:\Windows\SYSTEM32\WindowsCodecs.dll
0x00007ffae5390000 - 0x00007ffae53d9000 	C:\Windows\system32\dataexchange.dll
0x00007ffafe360000 - 0x00007ffafe616000 	C:\Windows\system32\d3d11.dll
0x00007ffaffaa0000 - 0x00007ffaffbf1000 	C:\Windows\system32\dcomp.dll
0x00007ffb01830000 - 0x00007ffb018cf000 	C:\Windows\system32\dxgi.dll
0x00007ffb01350000 - 0x00007ffb0146c000 	C:\Windows\system32\twinapi.appcore.dll
0x00007ffb026e0000 - 0x00007ffb0270b000 	C:\Windows\system32\bcrypt.dll
0x00007ffacf0b0000 - 0x00007ffacf0e2000 	C:\Program Files\Common Files\Microsoft Shared\Ink\rtscom.dll
0x00007ffb025d0000 - 0x00007ffb025e7000 	C:\Windows\SYSTEM32\CRYPTSP.dll
0x00007ffb01cc0000 - 0x00007ffb01cf3000 	C:\Windows\system32\rsaenh.dll
0x00007ffb02260000 - 0x00007ffb0227f000 	C:\Windows\SYSTEM32\USERENV.dll
0x00007ffb025f0000 - 0x00007ffb025fb000 	C:\Windows\SYSTEM32\CRYPTBASE.dll
0x00007ffb02160000 - 0x00007ffb02198000 	C:\Windows\SYSTEM32\IPHLPAPI.DLL
0x00007ffb045e0000 - 0x00007ffb045e8000 	C:\Windows\System32\NSI.dll
0x00007ffb00170000 - 0x00007ffb00186000 	C:\Windows\SYSTEM32\dhcpcsvc6.DLL
0x00007ffb000e0000 - 0x00007ffb000fa000 	C:\Windows\SYSTEM32\dhcpcsvc.DLL
0x00007ffaced60000 - 0x00007ffaced72000 	T:\ALLGEMEI\Haesler\netbeans\jdk-9.0.4\bin\prism_common.dll
0x00007ffaf15b0000 - 0x00007ffaf183d000 	C:\Windows\SYSTEM32\D3D10Warp.dll
0x00007ffac35d0000 - 0x00007ffac3668000 	C:\Program Files\Common Files\microsoft shared\ink\tiptsf.dll

VM Arguments:
jvm_args: -agentlib:jdwp=transport=dt_shmem,address=javadebug -Dglass.disableGrab=true -Dfile.encoding=UTF-8 -Djava.library.path=./lib/JEP/lib/jep 
java_command: T:\ALLGEMEI\Haesler\NetBeansProjects\alphabeta_master\dist\run929659753\AlphaBeta.jar
java_class_path (initial): T:\ALLGEMEI\Haesler\NetBeansProjects\alphabeta_master\dist\run929659753\AlphaBeta.jar
Launcher Type: SUN_STANDARD

Logging:
Log output configuration:
#0: stdout all=warning uptime,level,tags
#1: stderr all=off uptime,level,tags

Environment Variables:
PATH=C:\ProgramData\Oracle\Java\javapath;C:\Windows\system32;C:\Windows;C:\Windows\System32\Wbem;C:\Windows\System32\WindowsPowerShell\v1.0\;C:\Program Files (x86)\SAP BusinessObjects\Crystal Reports for .NET Framework 4.0\Common\SAP BusinessObjects Enterprise XI 4.0\win32_x86;C:\Users\shaesler\AppData\Local\Microsoft\WindowsApps
USERNAME=shaesler
OS=64BIT
PROCESSOR_IDENTIFIER=Intel64 Family 6 Model 85 Stepping 4, GenuineIntel



---------------  S Y S T E M  ---------------

OS: Windows 10 , 64 bit Build 14393 (10.0.14393.2969)

CPU:total 32 (initial active 32) (8 cores per cpu, 2 threads per core) family 6 model 85 stepping 4, cmov, cx8, fxsr, mmx, sse, sse2, sse3, ssse3, sse4.1, sse4.2, popcnt, avx, avx2, aes, clmul, erms, rtm, 3dnowpref, lzcnt, ht, tsc, tscinvbit, bmi1, bmi2, adx, fma

Memory: 4k page, physical 33188372k(26050836k free), swap 35285524k(26699996k free)

vm_info: Java HotSpot(TM) 64-Bit Server VM (9.0.4+11) for windows-amd64 JRE (9.0.4+11), built on Dec 20 2017 02:18:54 by "mach5one" with MS VC++ 12.0 (VS2013)

END.
